['2024-09-22 to 2024-10-08', '2024-10-22 to 2024-11-06', '2024-11-20 to 2024-12-06', '2024-12-22 to 2025-01-07', '2025-01-23 to 2025-02-05', '2025-02-21 to 2025-03-07', '2025-03-22 to 2025-04-05', '2025-04-19 to 2025-05-05', '2025-05-18 to 2025-06-04', '2025-06-16 to 2025-07-03', '2025-07-16 to 2025-08-03', '2025-08-14 to 2025-08-30', '2025-09-12 to 2025-09-28']
 * Serving Flask app 'server'
 * Debug mode: off
[31m[1mWARNING: This is a development server. Do not use it in a production deployment. Use a production WSGI server instead.[0m
 * Running on all addresses (0.0.0.0)
 * Running on http://127.0.0.1:5000
 * Running on http://192.168.2.134:5000
[33mPress CTRL+C to quit[0m
192.168.2.164 - - [16/Sep/2025 12:53:41] "GET / HTTP/1.1" 200 -
################ Shift period: 11 #################
192.168.2.164 - - [16/Sep/2025 12:53:46] "POST / HTTP/1.1" 200 -
192.168.2.164 - - [16/Sep/2025 12:53:46] "GET / HTTP/1.1" 200 -
################ Shift period: 12 #################
192.168.2.164 - - [16/Sep/2025 12:53:50] "POST / HTTP/1.1" 200 -
192.168.2.164 - - [16/Sep/2025 12:53:50] "GET / HTTP/1.1" 200 -
Last shift in database:
2025-09-12 to 2025-09-28
File /Raid/data/Prod/v2r0/Hybrid/2025/09/hd_2025_09_12_12h00.root does not exist.
File /Raid/data/Prod/v2r0/Hybrid/2025/09/hd_2025_09_13_12h00.root does not exist.
File /Raid/data/Prod/v2r0/Hybrid/2025/09/hd_2025_09_14_12h00.root does not exist.
File /Raid/data/Prod/v2r0/Hybrid/2025/09/hd_2025_09_15_12h00.root does not exist.
File /Raid/data/Prod/v2r0/Hybrid/2025/09/hd_2025_09_16_12h00.root does not exist.
File /Raid/data/Prod/v2r0/Hybrid/2025/09/hd_2025_09_17_12h00.root does not exist.
File /Raid/data/Prod/v2r0/Hybrid/2025/09/hd_2025_09_18_12h00.root does not exist.
File /Raid/data/Prod/v2r0/Hybrid/2025/09/hd_2025_09_19_12h00.root does not exist.
File /Raid/data/Prod/v2r0/Hybrid/2025/09/hd_2025_09_20_12h00.root does not exist.
File /Raid/data/Prod/v2r0/Hybrid/2025/09/hd_2025_09_21_12h00.root does not exist.
File /Raid/data/Prod/v2r0/Hybrid/2025/09/hd_2025_09_22_12h00.root does not exist.
File /Raid/data/Prod/v2r0/Hybrid/2025/09/hd_2025_09_23_12h00.root does not exist.
File /Raid/data/Prod/v2r0/Hybrid/2025/09/hd_2025_09_24_12h00.root does not exist.
File /Raid/data/Prod/v2r0/Hybrid/2025/09/hd_2025_09_25_12h00.root does not exist.
File /Raid/data/Prod/v2r0/Hybrid/2025/09/hd_2025_09_26_12h00.root does not exist.
File /Raid/data/Prod/v2r0/Hybrid/2025/09/hd_2025_09_27_12h00.root does not exist.
File /Raid/data/Prod/v2r0/Hybrid/2025/09/hd_2025_09_28_12h00.root does not exist.
192.168.2.164 - - [16/Sep/2025 12:54:16] "GET /offline HTTP/1.1" 200 -
192.168.2.164 - - [16/Sep/2025 12:54:40] "GET / HTTP/1.1" 200 -
192.168.2.164 - - [16/Sep/2025 12:54:46] "GET / HTTP/1.1" 200 -
192.168.2.164 - - [16/Sep/2025 12:54:48] "GET /shifts HTTP/1.1" 200 -
################ Shift period: 0 #################
192.168.2.164 - - [16/Sep/2025 12:55:08] "POST / HTTP/1.1" 200 -
192.168.2.164 - - [16/Sep/2025 12:55:08] "GET / HTTP/1.1" 200 -
################ Shift period: 1 #################
192.168.2.164 - - [16/Sep/2025 12:55:12] "POST / HTTP/1.1" 200 -
192.168.2.164 - - [16/Sep/2025 12:55:12] "GET / HTTP/1.1" 200 -
################ Shift period: 3 #################
192.168.2.164 - - [16/Sep/2025 12:55:15] "POST / HTTP/1.1" 200 -
192.168.2.164 - - [16/Sep/2025 12:55:15] "GET / HTTP/1.1" 200 -
################ Shift period: 11 #################
192.168.2.164 - - [16/Sep/2025 12:55:17] "POST / HTTP/1.1" 200 -
192.168.2.164 - - [16/Sep/2025 12:55:17] "GET / HTTP/1.1" 200 -
################ Shift period: 12 #################
192.168.2.164 - - [16/Sep/2025 13:05:01] "POST / HTTP/1.1" 200 -
192.168.2.164 - - [16/Sep/2025 13:05:01] "GET / HTTP/1.1" 200 -
File /Raid/data/Prod/v2r0/Hybrid/2025/08/hd_2025_08_14_12h00.root exists.
2025-08-14
Started reconstruction in detached screen session: yosel
File /home/auger/CurrentShift/ADST_hyb_2025_08_14.root does not exist, processing...
File /Raid/data/Prod/v2r0/Hybrid/2025/08/hd_2025_08_15_12h00.root exists.
Reconstruction already running in screen session: yosel
File /home/auger/CurrentShift/ADST_hyb_2025_08_15.root does not exist, processing...
File /Raid/data/Prod/v2r0/Hybrid/2025/08/hd_2025_08_16_12h00.root exists.
Reconstruction already running in screen session: yosel
File /home/auger/CurrentShift/ADST_hyb_2025_08_16.root does not exist, processing...
File /Raid/data/Prod/v2r0/Hybrid/2025/08/hd_2025_08_17_12h00.root exists.
Reconstruction already running in screen session: yosel
File /home/auger/CurrentShift/ADST_hyb_2025_08_17.root does not exist, processing...
File /Raid/data/Prod/v2r0/Hybrid/2025/08/hd_2025_08_18_12h00.root exists.
Reconstruction already running in screen session: yosel
File /home/auger/CurrentShift/ADST_hyb_2025_08_18.root does not exist, processing...
File /Raid/data/Prod/v2r0/Hybrid/2025/08/hd_2025_08_19_12h00.root exists.
Reconstruction already running in screen session: yosel
File /home/auger/CurrentShift/ADST_hyb_2025_08_19.root does not exist, processing...
File /Raid/data/Prod/v2r0/Hybrid/2025/08/hd_2025_08_20_12h00.root exists.
Reconstruction already running in screen session: yosel
File /home/auger/CurrentShift/ADST_hyb_2025_08_20.root does not exist, processing...
File /Raid/data/Prod/v2r0/Hybrid/2025/08/hd_2025_08_21_12h00.root exists.
Reconstruction already running in screen session: yosel
File /home/auger/CurrentShift/ADST_hyb_2025_08_21.root does not exist, processing...
File /Raid/data/Prod/v2r0/Hybrid/2025/08/hd_2025_08_22_12h00.root exists.
Reconstruction already running in screen session: yosel
File /home/auger/CurrentShift/ADST_hyb_2025_08_22.root does not exist, processing...
File /Raid/data/Prod/v2r0/Hybrid/2025/08/hd_2025_08_23_12h00.root exists.
Reconstruction already running in screen session: yosel
File /home/auger/CurrentShift/ADST_hyb_2025_08_23.root does not exist, processing...
File /Raid/data/Prod/v2r0/Hybrid/2025/08/hd_2025_08_24_12h00.root exists.
Reconstruction already running in screen session: yosel
File /home/auger/CurrentShift/ADST_hyb_2025_08_24.root does not exist, processing...
File /Raid/data/Prod/v2r0/Hybrid/2025/08/hd_2025_08_25_12h00.root exists.
Reconstruction already running in screen session: yosel
File /home/auger/CurrentShift/ADST_hyb_2025_08_25.root does not exist, processing...
File /Raid/data/Prod/v2r0/Hybrid/2025/08/hd_2025_08_26_12h00.root exists.
Reconstruction already running in screen session: yosel
File /home/auger/CurrentShift/ADST_hyb_2025_08_26.root does not exist, processing...
File /Raid/data/Prod/v2r0/Hybrid/2025/08/hd_2025_08_27_12h00.root does not exist.
File /Raid/data/Prod/v2r0/Hybrid/2025/08/hd_2025_08_28_12h00.root exists.
Reconstruction already running in screen session: yosel
File /home/auger/CurrentShift/ADST_hyb_2025_08_28.root does not exist, processing...
File /Raid/data/Prod/v2r0/Hybrid/2025/08/hd_2025_08_29_12h00.root exists.
Reconstruction already running in screen session: yosel
File /home/auger/CurrentShift/ADST_hyb_2025_08_29.root does not exist, processing...
File /Raid/data/Prod/v2r0/Hybrid/2025/08/hd_2025_08_30_12h00.root does not exist.
File /Raid/data/Prod/v2r0/Hybrid/2025/08/hd_2025_08_31_12h00.root does not exist.
File /Raid/data/Prod/v2r0/Hybrid/2025/08/hd_2025_08_14_12h00.root exists.
File /home/auger/CurrentShift/ADST_hyb_2025_08_14.root exists.
File /Raid/data/Prod/v2r0/Hybrid/2025/08/hd_2025_08_15_12h00.root exists.
2025-08-15
Started reconstruction in detached screen session: yosel
File /home/auger/CurrentShift/ADST_hyb_2025_08_15.root does not exist, processing...
File /Raid/data/Prod/v2r0/Hybrid/2025/08/hd_2025_08_16_12h00.root exists.
Reconstruction already running in screen session: yosel
File /home/auger/CurrentShift/ADST_hyb_2025_08_16.root does not exist, processing...
File /Raid/data/Prod/v2r0/Hybrid/2025/08/hd_2025_08_17_12h00.root exists.
Reconstruction already running in screen session: yosel
File /home/auger/CurrentShift/ADST_hyb_2025_08_17.root does not exist, processing...
File /Raid/data/Prod/v2r0/Hybrid/2025/08/hd_2025_08_18_12h00.root exists.
Reconstruction already running in screen session: yosel
File /home/auger/CurrentShift/ADST_hyb_2025_08_18.root does not exist, processing...
File /Raid/data/Prod/v2r0/Hybrid/2025/08/hd_2025_08_19_12h00.root exists.
Reconstruction already running in screen session: yosel
File /home/auger/CurrentShift/ADST_hyb_2025_08_19.root does not exist, processing...
File /Raid/data/Prod/v2r0/Hybrid/2025/08/hd_2025_08_20_12h00.root exists.
Reconstruction already running in screen session: yosel
File /home/auger/CurrentShift/ADST_hyb_2025_08_20.root does not exist, processing...
File /Raid/data/Prod/v2r0/Hybrid/2025/08/hd_2025_08_21_12h00.root exists.
Reconstruction already running in screen session: yosel
File /home/auger/CurrentShift/ADST_hyb_2025_08_21.root does not exist, processing...
File /Raid/data/Prod/v2r0/Hybrid/2025/08/hd_2025_08_22_12h00.root exists.
Reconstruction already running in screen session: yosel
File /home/auger/CurrentShift/ADST_hyb_2025_08_22.root does not exist, processing...
File /Raid/data/Prod/v2r0/Hybrid/2025/08/hd_2025_08_23_12h00.root exists.
Reconstruction already running in screen session: yosel
File /home/auger/CurrentShift/ADST_hyb_2025_08_23.root does not exist, processing...
File /Raid/data/Prod/v2r0/Hybrid/2025/08/hd_2025_08_24_12h00.root exists.
Reconstruction already running in screen session: yosel
File /home/auger/CurrentShift/ADST_hyb_2025_08_24.root does not exist, processing...
File /Raid/data/Prod/v2r0/Hybrid/2025/08/hd_2025_08_25_12h00.root exists.
Reconstruction already running in screen session: yosel
File /home/auger/CurrentShift/ADST_hyb_2025_08_25.root does not exist, processing...
File /Raid/data/Prod/v2r0/Hybrid/2025/08/hd_2025_08_26_12h00.root exists.
Reconstruction already running in screen session: yosel
File /home/auger/CurrentShift/ADST_hyb_2025_08_26.root does not exist, processing...
File /Raid/data/Prod/v2r0/Hybrid/2025/08/hd_2025_08_27_12h00.root does not exist.
File /Raid/data/Prod/v2r0/Hybrid/2025/08/hd_2025_08_28_12h00.root exists.
Reconstruction already running in screen session: yosel
File /home/auger/CurrentShift/ADST_hyb_2025_08_28.root does not exist, processing...
File /Raid/data/Prod/v2r0/Hybrid/2025/08/hd_2025_08_29_12h00.root exists.
Reconstruction already running in screen session: yosel
File /home/auger/CurrentShift/ADST_hyb_2025_08_29.root does not exist, processing...
File /Raid/data/Prod/v2r0/Hybrid/2025/08/hd_2025_08_30_12h00.root does not exist.
File /Raid/data/Prod/v2r0/Hybrid/2025/08/hd_2025_08_31_12h00.root does not exist.
192.168.2.164 - - [16/Sep/2025 17:32:42] "GET / HTTP/1.1" 200 -
192.168.2.164 - - [16/Sep/2025 17:35:00] "GET / HTTP/1.1" 200 -
192.168.2.164 - - [16/Sep/2025 17:35:32] "GET / HTTP/1.1" 200 -
192.168.2.164 - - [16/Sep/2025 17:37:07] "GET / HTTP/1.1" 200 -
File /Raid/data/Prod/v2r0/Hybrid/2025/08/hd_2025_08_14_12h00.root exists.
File /home/auger/CurrentShift/ADST_hyb_2025_08_14.root exists.
File /Raid/data/Prod/v2r0/Hybrid/2025/08/hd_2025_08_15_12h00.root exists.
File /home/auger/CurrentShift/ADST_hyb_2025_08_15.root exists.
File /Raid/data/Prod/v2r0/Hybrid/2025/08/hd_2025_08_16_12h00.root exists.
2025-08-16
Started reconstruction in detached screen session: yosel
File /home/auger/CurrentShift/ADST_hyb_2025_08_16.root does not exist, processing...
File /Raid/data/Prod/v2r0/Hybrid/2025/08/hd_2025_08_17_12h00.root exists.
Reconstruction already running in screen session: yosel
File /home/auger/CurrentShift/ADST_hyb_2025_08_17.root does not exist, processing...
File /Raid/data/Prod/v2r0/Hybrid/2025/08/hd_2025_08_18_12h00.root exists.
Reconstruction already running in screen session: yosel
File /home/auger/CurrentShift/ADST_hyb_2025_08_18.root does not exist, processing...
File /Raid/data/Prod/v2r0/Hybrid/2025/08/hd_2025_08_19_12h00.root exists.
Reconstruction already running in screen session: yosel
File /home/auger/CurrentShift/ADST_hyb_2025_08_19.root does not exist, processing...
File /Raid/data/Prod/v2r0/Hybrid/2025/08/hd_2025_08_20_12h00.root exists.
Reconstruction already running in screen session: yosel
File /home/auger/CurrentShift/ADST_hyb_2025_08_20.root does not exist, processing...
File /Raid/data/Prod/v2r0/Hybrid/2025/08/hd_2025_08_21_12h00.root exists.
Reconstruction already running in screen session: yosel
File /home/auger/CurrentShift/ADST_hyb_2025_08_21.root does not exist, processing...
File /Raid/data/Prod/v2r0/Hybrid/2025/08/hd_2025_08_22_12h00.root exists.
Reconstruction already running in screen session: yosel
File /home/auger/CurrentShift/ADST_hyb_2025_08_22.root does not exist, processing...
File /Raid/data/Prod/v2r0/Hybrid/2025/08/hd_2025_08_23_12h00.root exists.
Reconstruction already running in screen session: yosel
File /home/auger/CurrentShift/ADST_hyb_2025_08_23.root does not exist, processing...
File /Raid/data/Prod/v2r0/Hybrid/2025/08/hd_2025_08_24_12h00.root exists.
Reconstruction already running in screen session: yosel
File /home/auger/CurrentShift/ADST_hyb_2025_08_24.root does not exist, processing...
File /Raid/data/Prod/v2r0/Hybrid/2025/08/hd_2025_08_25_12h00.root exists.
Reconstruction already running in screen session: yosel
File /home/auger/CurrentShift/ADST_hyb_2025_08_25.root does not exist, processing...
File /Raid/data/Prod/v2r0/Hybrid/2025/08/hd_2025_08_26_12h00.root exists.
Reconstruction already running in screen session: yosel
File /home/auger/CurrentShift/ADST_hyb_2025_08_26.root does not exist, processing...
File /Raid/data/Prod/v2r0/Hybrid/2025/08/hd_2025_08_27_12h00.root does not exist.
File /Raid/data/Prod/v2r0/Hybrid/2025/08/hd_2025_08_28_12h00.root exists.
Reconstruction already running in screen session: yosel
File /home/auger/CurrentShift/ADST_hyb_2025_08_28.root does not exist, processing...
File /Raid/data/Prod/v2r0/Hybrid/2025/08/hd_2025_08_29_12h00.root exists.
Reconstruction already running in screen session: yosel
File /home/auger/CurrentShift/ADST_hyb_2025_08_29.root does not exist, processing...
File /Raid/data/Prod/v2r0/Hybrid/2025/08/hd_2025_08_30_12h00.root does not exist.
File /Raid/data/Prod/v2r0/Hybrid/2025/08/hd_2025_08_31_12h00.root does not exist.
File /Raid/data/Prod/v2r0/Hybrid/2025/08/hd_2025_08_14_12h00.root exists.
File /home/auger/CurrentShift/ADST_hyb_2025_08_14.root exists.
File /Raid/data/Prod/v2r0/Hybrid/2025/08/hd_2025_08_15_12h00.root exists.
File /home/auger/CurrentShift/ADST_hyb_2025_08_15.root exists.
File /Raid/data/Prod/v2r0/Hybrid/2025/08/hd_2025_08_16_12h00.root exists.
File /home/auger/CurrentShift/ADST_hyb_2025_08_16.root exists.
File /Raid/data/Prod/v2r0/Hybrid/2025/08/hd_2025_08_17_12h00.root exists.
2025-08-17
Started reconstruction in detached screen session: yosel
File /home/auger/CurrentShift/ADST_hyb_2025_08_17.root does not exist, processing...
File /Raid/data/Prod/v2r0/Hybrid/2025/08/hd_2025_08_18_12h00.root exists.
Reconstruction already running in screen session: yosel
File /home/auger/CurrentShift/ADST_hyb_2025_08_18.root does not exist, processing...
File /Raid/data/Prod/v2r0/Hybrid/2025/08/hd_2025_08_19_12h00.root exists.
Reconstruction already running in screen session: yosel
File /home/auger/CurrentShift/ADST_hyb_2025_08_19.root does not exist, processing...
File /Raid/data/Prod/v2r0/Hybrid/2025/08/hd_2025_08_20_12h00.root exists.
Reconstruction already running in screen session: yosel
File /home/auger/CurrentShift/ADST_hyb_2025_08_20.root does not exist, processing...
File /Raid/data/Prod/v2r0/Hybrid/2025/08/hd_2025_08_21_12h00.root exists.
Reconstruction already running in screen session: yosel
File /home/auger/CurrentShift/ADST_hyb_2025_08_21.root does not exist, processing...
File /Raid/data/Prod/v2r0/Hybrid/2025/08/hd_2025_08_22_12h00.root exists.
Reconstruction already running in screen session: yosel
File /home/auger/CurrentShift/ADST_hyb_2025_08_22.root does not exist, processing...
File /Raid/data/Prod/v2r0/Hybrid/2025/08/hd_2025_08_23_12h00.root exists.
Reconstruction already running in screen session: yosel
File /home/auger/CurrentShift/ADST_hyb_2025_08_23.root does not exist, processing...
File /Raid/data/Prod/v2r0/Hybrid/2025/08/hd_2025_08_24_12h00.root exists.
Reconstruction already running in screen session: yosel
File /home/auger/CurrentShift/ADST_hyb_2025_08_24.root does not exist, processing...
File /Raid/data/Prod/v2r0/Hybrid/2025/08/hd_2025_08_25_12h00.root exists.
Reconstruction already running in screen session: yosel
File /home/auger/CurrentShift/ADST_hyb_2025_08_25.root does not exist, processing...
File /Raid/data/Prod/v2r0/Hybrid/2025/08/hd_2025_08_26_12h00.root exists.
Reconstruction already running in screen session: yosel
File /home/auger/CurrentShift/ADST_hyb_2025_08_26.root does not exist, processing...
File /Raid/data/Prod/v2r0/Hybrid/2025/08/hd_2025_08_27_12h00.root does not exist.
File /Raid/data/Prod/v2r0/Hybrid/2025/08/hd_2025_08_28_12h00.root exists.
Reconstruction already running in screen session: yosel
File /home/auger/CurrentShift/ADST_hyb_2025_08_28.root does not exist, processing...
File /Raid/data/Prod/v2r0/Hybrid/2025/08/hd_2025_08_29_12h00.root exists.
Reconstruction already running in screen session: yosel
File /home/auger/CurrentShift/ADST_hyb_2025_08_29.root does not exist, processing...
File /Raid/data/Prod/v2r0/Hybrid/2025/08/hd_2025_08_30_12h00.root does not exist.
File /Raid/data/Prod/v2r0/Hybrid/2025/08/hd_2025_08_31_12h00.root does not exist.
File /Raid/data/Prod/v2r0/Hybrid/2025/08/hd_2025_08_14_12h00.root exists.
File /home/auger/CurrentShift/ADST_hyb_2025_08_14.root exists.
File /Raid/data/Prod/v2r0/Hybrid/2025/08/hd_2025_08_15_12h00.root exists.
File /home/auger/CurrentShift/ADST_hyb_2025_08_15.root exists.
File /Raid/data/Prod/v2r0/Hybrid/2025/08/hd_2025_08_16_12h00.root exists.
File /home/auger/CurrentShift/ADST_hyb_2025_08_16.root exists.
File /Raid/data/Prod/v2r0/Hybrid/2025/08/hd_2025_08_17_12h00.root exists.
File /home/auger/CurrentShift/ADST_hyb_2025_08_17.root exists.
File /Raid/data/Prod/v2r0/Hybrid/2025/08/hd_2025_08_18_12h00.root exists.
2025-08-18
Started reconstruction in detached screen session: yosel
File /home/auger/CurrentShift/ADST_hyb_2025_08_18.root does not exist, processing...
File /Raid/data/Prod/v2r0/Hybrid/2025/08/hd_2025_08_19_12h00.root exists.
Reconstruction already running in screen session: yosel
File /home/auger/CurrentShift/ADST_hyb_2025_08_19.root does not exist, processing...
File /Raid/data/Prod/v2r0/Hybrid/2025/08/hd_2025_08_20_12h00.root exists.
Reconstruction already running in screen session: yosel
File /home/auger/CurrentShift/ADST_hyb_2025_08_20.root does not exist, processing...
File /Raid/data/Prod/v2r0/Hybrid/2025/08/hd_2025_08_21_12h00.root exists.
Reconstruction already running in screen session: yosel
File /home/auger/CurrentShift/ADST_hyb_2025_08_21.root does not exist, processing...
File /Raid/data/Prod/v2r0/Hybrid/2025/08/hd_2025_08_22_12h00.root exists.
Reconstruction already running in screen session: yosel
File /home/auger/CurrentShift/ADST_hyb_2025_08_22.root does not exist, processing...
File /Raid/data/Prod/v2r0/Hybrid/2025/08/hd_2025_08_23_12h00.root exists.
Reconstruction already running in screen session: yosel
File /home/auger/CurrentShift/ADST_hyb_2025_08_23.root does not exist, processing...
File /Raid/data/Prod/v2r0/Hybrid/2025/08/hd_2025_08_24_12h00.root exists.
Reconstruction already running in screen session: yosel
File /home/auger/CurrentShift/ADST_hyb_2025_08_24.root does not exist, processing...
File /Raid/data/Prod/v2r0/Hybrid/2025/08/hd_2025_08_25_12h00.root exists.
Reconstruction already running in screen session: yosel
File /home/auger/CurrentShift/ADST_hyb_2025_08_25.root does not exist, processing...
File /Raid/data/Prod/v2r0/Hybrid/2025/08/hd_2025_08_26_12h00.root exists.
Reconstruction already running in screen session: yosel
File /home/auger/CurrentShift/ADST_hyb_2025_08_26.root does not exist, processing...
File /Raid/data/Prod/v2r0/Hybrid/2025/08/hd_2025_08_27_12h00.root does not exist.
File /Raid/data/Prod/v2r0/Hybrid/2025/08/hd_2025_08_28_12h00.root exists.
Reconstruction already running in screen session: yosel
File /home/auger/CurrentShift/ADST_hyb_2025_08_28.root does not exist, processing...
File /Raid/data/Prod/v2r0/Hybrid/2025/08/hd_2025_08_29_12h00.root exists.
Reconstruction already running in screen session: yosel
File /home/auger/CurrentShift/ADST_hyb_2025_08_29.root does not exist, processing...
File /Raid/data/Prod/v2r0/Hybrid/2025/08/hd_2025_08_30_12h00.root does not exist.
File /Raid/data/Prod/v2r0/Hybrid/2025/08/hd_2025_08_31_12h00.root does not exist.
File /Raid/data/Prod/v2r0/Hybrid/2025/08/hd_2025_08_14_12h00.root exists.
File /home/auger/CurrentShift/ADST_hyb_2025_08_14.root exists.
File /Raid/data/Prod/v2r0/Hybrid/2025/08/hd_2025_08_15_12h00.root exists.
File /home/auger/CurrentShift/ADST_hyb_2025_08_15.root exists.
File /Raid/data/Prod/v2r0/Hybrid/2025/08/hd_2025_08_16_12h00.root exists.
File /home/auger/CurrentShift/ADST_hyb_2025_08_16.root exists.
File /Raid/data/Prod/v2r0/Hybrid/2025/08/hd_2025_08_17_12h00.root exists.
File /home/auger/CurrentShift/ADST_hyb_2025_08_17.root exists.
File /Raid/data/Prod/v2r0/Hybrid/2025/08/hd_2025_08_18_12h00.root exists.
⚠️ userAugerOffline is already running. Skipping reconstruction.
File /home/auger/CurrentShift/ADST_hyb_2025_08_18.root does not exist, processing...
File /Raid/data/Prod/v2r0/Hybrid/2025/08/hd_2025_08_19_12h00.root exists.
⚠️ userAugerOffline is already running. Skipping reconstruction.
File /home/auger/CurrentShift/ADST_hyb_2025_08_19.root does not exist, processing...
File /Raid/data/Prod/v2r0/Hybrid/2025/08/hd_2025_08_20_12h00.root exists.
⚠️ userAugerOffline is already running. Skipping reconstruction.
File /home/auger/CurrentShift/ADST_hyb_2025_08_20.root does not exist, processing...
File /Raid/data/Prod/v2r0/Hybrid/2025/08/hd_2025_08_21_12h00.root exists.
⚠️ userAugerOffline is already running. Skipping reconstruction.
File /home/auger/CurrentShift/ADST_hyb_2025_08_21.root does not exist, processing...
File /Raid/data/Prod/v2r0/Hybrid/2025/08/hd_2025_08_22_12h00.root exists.
⚠️ userAugerOffline is already running. Skipping reconstruction.
File /home/auger/CurrentShift/ADST_hyb_2025_08_22.root does not exist, processing...
File /Raid/data/Prod/v2r0/Hybrid/2025/08/hd_2025_08_23_12h00.root exists.
⚠️ userAugerOffline is already running. Skipping reconstruction.
File /home/auger/CurrentShift/ADST_hyb_2025_08_23.root does not exist, processing...
File /Raid/data/Prod/v2r0/Hybrid/2025/08/hd_2025_08_24_12h00.root exists.
⚠️ userAugerOffline is already running. Skipping reconstruction.
File /home/auger/CurrentShift/ADST_hyb_2025_08_24.root does not exist, processing...
File /Raid/data/Prod/v2r0/Hybrid/2025/08/hd_2025_08_25_12h00.root exists.
⚠️ userAugerOffline is already running. Skipping reconstruction.
File /home/auger/CurrentShift/ADST_hyb_2025_08_25.root does not exist, processing...
File /Raid/data/Prod/v2r0/Hybrid/2025/08/hd_2025_08_26_12h00.root exists.
⚠️ userAugerOffline is already running. Skipping reconstruction.
File /home/auger/CurrentShift/ADST_hyb_2025_08_26.root does not exist, processing...
File /Raid/data/Prod/v2r0/Hybrid/2025/08/hd_2025_08_27_12h00.root does not exist.
File /Raid/data/Prod/v2r0/Hybrid/2025/08/hd_2025_08_28_12h00.root exists.
⚠️ userAugerOffline is already running. Skipping reconstruction.
File /home/auger/CurrentShift/ADST_hyb_2025_08_28.root does not exist, processing...
File /Raid/data/Prod/v2r0/Hybrid/2025/08/hd_2025_08_29_12h00.root exists.
⚠️ userAugerOffline is already running. Skipping reconstruction.
File /home/auger/CurrentShift/ADST_hyb_2025_08_29.root does not exist, processing...
File /Raid/data/Prod/v2r0/Hybrid/2025/08/hd_2025_08_30_12h00.root does not exist.
File /Raid/data/Prod/v2r0/Hybrid/2025/08/hd_2025_08_31_12h00.root does not exist.
File /Raid/data/Prod/v2r0/Hybrid/2025/08/hd_2025_08_14_12h00.root exists.
File /home/auger/CurrentShift/ADST_hyb_2025_08_14.root exists.
File /Raid/data/Prod/v2r0/Hybrid/2025/08/hd_2025_08_15_12h00.root exists.
File /home/auger/CurrentShift/ADST_hyb_2025_08_15.root exists.
File /Raid/data/Prod/v2r0/Hybrid/2025/08/hd_2025_08_16_12h00.root exists.
File /home/auger/CurrentShift/ADST_hyb_2025_08_16.root exists.
File /Raid/data/Prod/v2r0/Hybrid/2025/08/hd_2025_08_17_12h00.root exists.
File /home/auger/CurrentShift/ADST_hyb_2025_08_17.root exists.
File /Raid/data/Prod/v2r0/Hybrid/2025/08/hd_2025_08_18_12h00.root exists.
File /home/auger/CurrentShift/ADST_hyb_2025_08_18.root exists.
File /Raid/data/Prod/v2r0/Hybrid/2025/08/hd_2025_08_19_12h00.root exists.
2025-08-19
Started reconstruction in detached screen session: yosel
File /home/auger/CurrentShift/ADST_hyb_2025_08_19.root does not exist, processing...
File /Raid/data/Prod/v2r0/Hybrid/2025/08/hd_2025_08_20_12h00.root exists.
Reconstruction already running in screen session: yosel
File /home/auger/CurrentShift/ADST_hyb_2025_08_20.root does not exist, processing...
File /Raid/data/Prod/v2r0/Hybrid/2025/08/hd_2025_08_21_12h00.root exists.
Reconstruction already running in screen session: yosel
File /home/auger/CurrentShift/ADST_hyb_2025_08_21.root does not exist, processing...
File /Raid/data/Prod/v2r0/Hybrid/2025/08/hd_2025_08_22_12h00.root exists.
Reconstruction already running in screen session: yosel
File /home/auger/CurrentShift/ADST_hyb_2025_08_22.root does not exist, processing...
File /Raid/data/Prod/v2r0/Hybrid/2025/08/hd_2025_08_23_12h00.root exists.
Reconstruction already running in screen session: yosel
File /home/auger/CurrentShift/ADST_hyb_2025_08_23.root does not exist, processing...
File /Raid/data/Prod/v2r0/Hybrid/2025/08/hd_2025_08_24_12h00.root exists.
Reconstruction already running in screen session: yosel
File /home/auger/CurrentShift/ADST_hyb_2025_08_24.root does not exist, processing...
File /Raid/data/Prod/v2r0/Hybrid/2025/08/hd_2025_08_25_12h00.root exists.
Reconstruction already running in screen session: yosel
File /home/auger/CurrentShift/ADST_hyb_2025_08_25.root does not exist, processing...
File /Raid/data/Prod/v2r0/Hybrid/2025/08/hd_2025_08_26_12h00.root exists.
Reconstruction already running in screen session: yosel
File /home/auger/CurrentShift/ADST_hyb_2025_08_26.root does not exist, processing...
File /Raid/data/Prod/v2r0/Hybrid/2025/08/hd_2025_08_27_12h00.root does not exist.
File /Raid/data/Prod/v2r0/Hybrid/2025/08/hd_2025_08_28_12h00.root exists.
Reconstruction already running in screen session: yosel
File /home/auger/CurrentShift/ADST_hyb_2025_08_28.root does not exist, processing...
File /Raid/data/Prod/v2r0/Hybrid/2025/08/hd_2025_08_29_12h00.root exists.
Reconstruction already running in screen session: yosel
File /home/auger/CurrentShift/ADST_hyb_2025_08_29.root does not exist, processing...
File /Raid/data/Prod/v2r0/Hybrid/2025/08/hd_2025_08_30_12h00.root does not exist.
File /Raid/data/Prod/v2r0/Hybrid/2025/08/hd_2025_08_31_12h00.root does not exist.
File /Raid/data/Prod/v2r0/Hybrid/2025/08/hd_2025_08_14_12h00.root exists.
File /home/auger/CurrentShift/ADST_hyb_2025_08_14.root exists.
File /Raid/data/Prod/v2r0/Hybrid/2025/08/hd_2025_08_15_12h00.root exists.
File /home/auger/CurrentShift/ADST_hyb_2025_08_15.root exists.
File /Raid/data/Prod/v2r0/Hybrid/2025/08/hd_2025_08_16_12h00.root exists.
File /home/auger/CurrentShift/ADST_hyb_2025_08_16.root exists.
File /Raid/data/Prod/v2r0/Hybrid/2025/08/hd_2025_08_17_12h00.root exists.
File /home/auger/CurrentShift/ADST_hyb_2025_08_17.root exists.
File /Raid/data/Prod/v2r0/Hybrid/2025/08/hd_2025_08_18_12h00.root exists.
File /home/auger/CurrentShift/ADST_hyb_2025_08_18.root exists.
File /Raid/data/Prod/v2r0/Hybrid/2025/08/hd_2025_08_19_12h00.root exists.
⚠️ userAugerOffline is already running. Skipping reconstruction.
File /home/auger/CurrentShift/ADST_hyb_2025_08_19.root does not exist, processing...
File /Raid/data/Prod/v2r0/Hybrid/2025/08/hd_2025_08_20_12h00.root exists.
⚠️ userAugerOffline is already running. Skipping reconstruction.
File /home/auger/CurrentShift/ADST_hyb_2025_08_20.root does not exist, processing...
File /Raid/data/Prod/v2r0/Hybrid/2025/08/hd_2025_08_21_12h00.root exists.
⚠️ userAugerOffline is already running. Skipping reconstruction.
File /home/auger/CurrentShift/ADST_hyb_2025_08_21.root does not exist, processing...
File /Raid/data/Prod/v2r0/Hybrid/2025/08/hd_2025_08_22_12h00.root exists.
⚠️ userAugerOffline is already running. Skipping reconstruction.
File /home/auger/CurrentShift/ADST_hyb_2025_08_22.root does not exist, processing...
File /Raid/data/Prod/v2r0/Hybrid/2025/08/hd_2025_08_23_12h00.root exists.
⚠️ userAugerOffline is already running. Skipping reconstruction.
File /home/auger/CurrentShift/ADST_hyb_2025_08_23.root does not exist, processing...
File /Raid/data/Prod/v2r0/Hybrid/2025/08/hd_2025_08_24_12h00.root exists.
⚠️ userAugerOffline is already running. Skipping reconstruction.
File /home/auger/CurrentShift/ADST_hyb_2025_08_24.root does not exist, processing...
File /Raid/data/Prod/v2r0/Hybrid/2025/08/hd_2025_08_25_12h00.root exists.
⚠️ userAugerOffline is already running. Skipping reconstruction.
File /home/auger/CurrentShift/ADST_hyb_2025_08_25.root does not exist, processing...
File /Raid/data/Prod/v2r0/Hybrid/2025/08/hd_2025_08_26_12h00.root exists.
⚠️ userAugerOffline is already running. Skipping reconstruction.
File /home/auger/CurrentShift/ADST_hyb_2025_08_26.root does not exist, processing...
File /Raid/data/Prod/v2r0/Hybrid/2025/08/hd_2025_08_27_12h00.root does not exist.
File /Raid/data/Prod/v2r0/Hybrid/2025/08/hd_2025_08_28_12h00.root exists.
⚠️ userAugerOffline is already running. Skipping reconstruction.
File /home/auger/CurrentShift/ADST_hyb_2025_08_28.root does not exist, processing...
File /Raid/data/Prod/v2r0/Hybrid/2025/08/hd_2025_08_29_12h00.root exists.
⚠️ userAugerOffline is already running. Skipping reconstruction.
File /home/auger/CurrentShift/ADST_hyb_2025_08_29.root does not exist, processing...
File /Raid/data/Prod/v2r0/Hybrid/2025/08/hd_2025_08_30_12h00.root does not exist.
File /Raid/data/Prod/v2r0/Hybrid/2025/08/hd_2025_08_31_12h00.root does not exist.
File /Raid/data/Prod/v2r0/Hybrid/2025/08/hd_2025_08_14_12h00.root exists.
File /home/auger/CurrentShift/ADST_hyb_2025_08_14.root exists.
File /Raid/data/Prod/v2r0/Hybrid/2025/08/hd_2025_08_15_12h00.root exists.
File /home/auger/CurrentShift/ADST_hyb_2025_08_15.root exists.
File /Raid/data/Prod/v2r0/Hybrid/2025/08/hd_2025_08_16_12h00.root exists.
File /home/auger/CurrentShift/ADST_hyb_2025_08_16.root exists.
File /Raid/data/Prod/v2r0/Hybrid/2025/08/hd_2025_08_17_12h00.root exists.
File /home/auger/CurrentShift/ADST_hyb_2025_08_17.root exists.
File /Raid/data/Prod/v2r0/Hybrid/2025/08/hd_2025_08_18_12h00.root exists.
File /home/auger/CurrentShift/ADST_hyb_2025_08_18.root exists.
File /Raid/data/Prod/v2r0/Hybrid/2025/08/hd_2025_08_19_12h00.root exists.
File /home/auger/CurrentShift/ADST_hyb_2025_08_19.root exists.
File /Raid/data/Prod/v2r0/Hybrid/2025/08/hd_2025_08_20_12h00.root exists.
2025-08-20
Started reconstruction in detached screen session: yosel
File /home/auger/CurrentShift/ADST_hyb_2025_08_20.root does not exist, processing...
File /Raid/data/Prod/v2r0/Hybrid/2025/08/hd_2025_08_21_12h00.root exists.
Reconstruction already running in screen session: yosel
File /home/auger/CurrentShift/ADST_hyb_2025_08_21.root does not exist, processing...
File /Raid/data/Prod/v2r0/Hybrid/2025/08/hd_2025_08_22_12h00.root exists.
Reconstruction already running in screen session: yosel
File /home/auger/CurrentShift/ADST_hyb_2025_08_22.root does not exist, processing...
File /Raid/data/Prod/v2r0/Hybrid/2025/08/hd_2025_08_23_12h00.root exists.
Reconstruction already running in screen session: yosel
File /home/auger/CurrentShift/ADST_hyb_2025_08_23.root does not exist, processing...
File /Raid/data/Prod/v2r0/Hybrid/2025/08/hd_2025_08_24_12h00.root exists.
Reconstruction already running in screen session: yosel
File /home/auger/CurrentShift/ADST_hyb_2025_08_24.root does not exist, processing...
File /Raid/data/Prod/v2r0/Hybrid/2025/08/hd_2025_08_25_12h00.root exists.
Reconstruction already running in screen session: yosel
File /home/auger/CurrentShift/ADST_hyb_2025_08_25.root does not exist, processing...
File /Raid/data/Prod/v2r0/Hybrid/2025/08/hd_2025_08_26_12h00.root exists.
Reconstruction already running in screen session: yosel
File /home/auger/CurrentShift/ADST_hyb_2025_08_26.root does not exist, processing...
File /Raid/data/Prod/v2r0/Hybrid/2025/08/hd_2025_08_27_12h00.root does not exist.
File /Raid/data/Prod/v2r0/Hybrid/2025/08/hd_2025_08_28_12h00.root exists.
Reconstruction already running in screen session: yosel
File /home/auger/CurrentShift/ADST_hyb_2025_08_28.root does not exist, processing...
File /Raid/data/Prod/v2r0/Hybrid/2025/08/hd_2025_08_29_12h00.root exists.
Reconstruction already running in screen session: yosel
File /home/auger/CurrentShift/ADST_hyb_2025_08_29.root does not exist, processing...
File /Raid/data/Prod/v2r0/Hybrid/2025/08/hd_2025_08_30_12h00.root does not exist.
File /Raid/data/Prod/v2r0/Hybrid/2025/08/hd_2025_08_31_12h00.root does not exist.
File /Raid/data/Prod/v2r0/Hybrid/2025/08/hd_2025_08_14_12h00.root exists.
File /home/auger/CurrentShift/ADST_hyb_2025_08_14.root exists.
File /Raid/data/Prod/v2r0/Hybrid/2025/08/hd_2025_08_15_12h00.root exists.
File /home/auger/CurrentShift/ADST_hyb_2025_08_15.root exists.
File /Raid/data/Prod/v2r0/Hybrid/2025/08/hd_2025_08_16_12h00.root exists.
File /home/auger/CurrentShift/ADST_hyb_2025_08_16.root exists.
File /Raid/data/Prod/v2r0/Hybrid/2025/08/hd_2025_08_17_12h00.root exists.
File /home/auger/CurrentShift/ADST_hyb_2025_08_17.root exists.
File /Raid/data/Prod/v2r0/Hybrid/2025/08/hd_2025_08_18_12h00.root exists.
File /home/auger/CurrentShift/ADST_hyb_2025_08_18.root exists.
File /Raid/data/Prod/v2r0/Hybrid/2025/08/hd_2025_08_19_12h00.root exists.
File /home/auger/CurrentShift/ADST_hyb_2025_08_19.root exists.
File /Raid/data/Prod/v2r0/Hybrid/2025/08/hd_2025_08_20_12h00.root exists.
⚠️ userAugerOffline is already running. Skipping reconstruction.
File /home/auger/CurrentShift/ADST_hyb_2025_08_20.root does not exist, processing...
File /Raid/data/Prod/v2r0/Hybrid/2025/08/hd_2025_08_21_12h00.root exists.
⚠️ userAugerOffline is already running. Skipping reconstruction.
File /home/auger/CurrentShift/ADST_hyb_2025_08_21.root does not exist, processing...
File /Raid/data/Prod/v2r0/Hybrid/2025/08/hd_2025_08_22_12h00.root exists.
⚠️ userAugerOffline is already running. Skipping reconstruction.
File /home/auger/CurrentShift/ADST_hyb_2025_08_22.root does not exist, processing...
File /Raid/data/Prod/v2r0/Hybrid/2025/08/hd_2025_08_23_12h00.root exists.
⚠️ userAugerOffline is already running. Skipping reconstruction.
File /home/auger/CurrentShift/ADST_hyb_2025_08_23.root does not exist, processing...
File /Raid/data/Prod/v2r0/Hybrid/2025/08/hd_2025_08_24_12h00.root exists.
⚠️ userAugerOffline is already running. Skipping reconstruction.
File /home/auger/CurrentShift/ADST_hyb_2025_08_24.root does not exist, processing...
File /Raid/data/Prod/v2r0/Hybrid/2025/08/hd_2025_08_25_12h00.root exists.
⚠️ userAugerOffline is already running. Skipping reconstruction.
File /home/auger/CurrentShift/ADST_hyb_2025_08_25.root does not exist, processing...
File /Raid/data/Prod/v2r0/Hybrid/2025/08/hd_2025_08_26_12h00.root exists.
⚠️ userAugerOffline is already running. Skipping reconstruction.
File /home/auger/CurrentShift/ADST_hyb_2025_08_26.root does not exist, processing...
File /Raid/data/Prod/v2r0/Hybrid/2025/08/hd_2025_08_27_12h00.root does not exist.
File /Raid/data/Prod/v2r0/Hybrid/2025/08/hd_2025_08_28_12h00.root exists.
⚠️ userAugerOffline is already running. Skipping reconstruction.
File /home/auger/CurrentShift/ADST_hyb_2025_08_28.root does not exist, processing...
File /Raid/data/Prod/v2r0/Hybrid/2025/08/hd_2025_08_29_12h00.root exists.
⚠️ userAugerOffline is already running. Skipping reconstruction.
File /home/auger/CurrentShift/ADST_hyb_2025_08_29.root does not exist, processing...
File /Raid/data/Prod/v2r0/Hybrid/2025/08/hd_2025_08_30_12h00.root does not exist.
File /Raid/data/Prod/v2r0/Hybrid/2025/08/hd_2025_08_31_12h00.root does not exist.
File /Raid/data/Prod/v2r0/Hybrid/2025/08/hd_2025_08_14_12h00.root exists.
File /home/auger/CurrentShift/ADST_hyb_2025_08_14.root exists.
File /Raid/data/Prod/v2r0/Hybrid/2025/08/hd_2025_08_15_12h00.root exists.
File /home/auger/CurrentShift/ADST_hyb_2025_08_15.root exists.
File /Raid/data/Prod/v2r0/Hybrid/2025/08/hd_2025_08_16_12h00.root exists.
File /home/auger/CurrentShift/ADST_hyb_2025_08_16.root exists.
File /Raid/data/Prod/v2r0/Hybrid/2025/08/hd_2025_08_17_12h00.root exists.
File /home/auger/CurrentShift/ADST_hyb_2025_08_17.root exists.
File /Raid/data/Prod/v2r0/Hybrid/2025/08/hd_2025_08_18_12h00.root exists.
File /home/auger/CurrentShift/ADST_hyb_2025_08_18.root exists.
File /Raid/data/Prod/v2r0/Hybrid/2025/08/hd_2025_08_19_12h00.root exists.
File /home/auger/CurrentShift/ADST_hyb_2025_08_19.root exists.
File /Raid/data/Prod/v2r0/Hybrid/2025/08/hd_2025_08_20_12h00.root exists.
File /home/auger/CurrentShift/ADST_hyb_2025_08_20.root exists.
File /Raid/data/Prod/v2r0/Hybrid/2025/08/hd_2025_08_21_12h00.root exists.
2025-08-21
Started reconstruction in detached screen session: yosel
File /home/auger/CurrentShift/ADST_hyb_2025_08_21.root does not exist, processing...
File /Raid/data/Prod/v2r0/Hybrid/2025/08/hd_2025_08_22_12h00.root exists.
Reconstruction already running in screen session: yosel
File /home/auger/CurrentShift/ADST_hyb_2025_08_22.root does not exist, processing...
File /Raid/data/Prod/v2r0/Hybrid/2025/08/hd_2025_08_23_12h00.root exists.
Reconstruction already running in screen session: yosel
File /home/auger/CurrentShift/ADST_hyb_2025_08_23.root does not exist, processing...
File /Raid/data/Prod/v2r0/Hybrid/2025/08/hd_2025_08_24_12h00.root exists.
Reconstruction already running in screen session: yosel
File /home/auger/CurrentShift/ADST_hyb_2025_08_24.root does not exist, processing...
File /Raid/data/Prod/v2r0/Hybrid/2025/08/hd_2025_08_25_12h00.root exists.
Reconstruction already running in screen session: yosel
File /home/auger/CurrentShift/ADST_hyb_2025_08_25.root does not exist, processing...
File /Raid/data/Prod/v2r0/Hybrid/2025/08/hd_2025_08_26_12h00.root exists.
Reconstruction already running in screen session: yosel
File /home/auger/CurrentShift/ADST_hyb_2025_08_26.root does not exist, processing...
File /Raid/data/Prod/v2r0/Hybrid/2025/08/hd_2025_08_27_12h00.root does not exist.
File /Raid/data/Prod/v2r0/Hybrid/2025/08/hd_2025_08_28_12h00.root exists.
Reconstruction already running in screen session: yosel
File /home/auger/CurrentShift/ADST_hyb_2025_08_28.root does not exist, processing...
File /Raid/data/Prod/v2r0/Hybrid/2025/08/hd_2025_08_29_12h00.root exists.
Reconstruction already running in screen session: yosel
File /home/auger/CurrentShift/ADST_hyb_2025_08_29.root does not exist, processing...
File /Raid/data/Prod/v2r0/Hybrid/2025/08/hd_2025_08_30_12h00.root does not exist.
File /Raid/data/Prod/v2r0/Hybrid/2025/08/hd_2025_08_31_12h00.root does not exist.
File /Raid/data/Prod/v2r0/Hybrid/2025/08/hd_2025_08_14_12h00.root exists.
File /home/auger/CurrentShift/ADST_hyb_2025_08_14.root exists.
File /Raid/data/Prod/v2r0/Hybrid/2025/08/hd_2025_08_15_12h00.root exists.
File /home/auger/CurrentShift/ADST_hyb_2025_08_15.root exists.
File /Raid/data/Prod/v2r0/Hybrid/2025/08/hd_2025_08_16_12h00.root exists.
File /home/auger/CurrentShift/ADST_hyb_2025_08_16.root exists.
File /Raid/data/Prod/v2r0/Hybrid/2025/08/hd_2025_08_17_12h00.root exists.
File /home/auger/CurrentShift/ADST_hyb_2025_08_17.root exists.
File /Raid/data/Prod/v2r0/Hybrid/2025/08/hd_2025_08_18_12h00.root exists.
File /home/auger/CurrentShift/ADST_hyb_2025_08_18.root exists.
File /Raid/data/Prod/v2r0/Hybrid/2025/08/hd_2025_08_19_12h00.root exists.
File /home/auger/CurrentShift/ADST_hyb_2025_08_19.root exists.
File /Raid/data/Prod/v2r0/Hybrid/2025/08/hd_2025_08_20_12h00.root exists.
File /home/auger/CurrentShift/ADST_hyb_2025_08_20.root exists.
File /Raid/data/Prod/v2r0/Hybrid/2025/08/hd_2025_08_21_12h00.root exists.
⚠️ userAugerOffline is already running. Skipping reconstruction.
File /home/auger/CurrentShift/ADST_hyb_2025_08_21.root does not exist, processing...
File /Raid/data/Prod/v2r0/Hybrid/2025/08/hd_2025_08_22_12h00.root exists.
⚠️ userAugerOffline is already running. Skipping reconstruction.
File /home/auger/CurrentShift/ADST_hyb_2025_08_22.root does not exist, processing...
File /Raid/data/Prod/v2r0/Hybrid/2025/08/hd_2025_08_23_12h00.root exists.
⚠️ userAugerOffline is already running. Skipping reconstruction.
File /home/auger/CurrentShift/ADST_hyb_2025_08_23.root does not exist, processing...
File /Raid/data/Prod/v2r0/Hybrid/2025/08/hd_2025_08_24_12h00.root exists.
⚠️ userAugerOffline is already running. Skipping reconstruction.
File /home/auger/CurrentShift/ADST_hyb_2025_08_24.root does not exist, processing...
File /Raid/data/Prod/v2r0/Hybrid/2025/08/hd_2025_08_25_12h00.root exists.
⚠️ userAugerOffline is already running. Skipping reconstruction.
File /home/auger/CurrentShift/ADST_hyb_2025_08_25.root does not exist, processing...
File /Raid/data/Prod/v2r0/Hybrid/2025/08/hd_2025_08_26_12h00.root exists.
⚠️ userAugerOffline is already running. Skipping reconstruction.
File /home/auger/CurrentShift/ADST_hyb_2025_08_26.root does not exist, processing...
File /Raid/data/Prod/v2r0/Hybrid/2025/08/hd_2025_08_27_12h00.root does not exist.
File /Raid/data/Prod/v2r0/Hybrid/2025/08/hd_2025_08_28_12h00.root exists.
⚠️ userAugerOffline is already running. Skipping reconstruction.
File /home/auger/CurrentShift/ADST_hyb_2025_08_28.root does not exist, processing...
File /Raid/data/Prod/v2r0/Hybrid/2025/08/hd_2025_08_29_12h00.root exists.
⚠️ userAugerOffline is already running. Skipping reconstruction.
File /home/auger/CurrentShift/ADST_hyb_2025_08_29.root does not exist, processing...
File /Raid/data/Prod/v2r0/Hybrid/2025/08/hd_2025_08_30_12h00.root does not exist.
File /Raid/data/Prod/v2r0/Hybrid/2025/08/hd_2025_08_31_12h00.root does not exist.
File /Raid/data/Prod/v2r0/Hybrid/2025/08/hd_2025_08_14_12h00.root exists.
File /home/auger/CurrentShift/ADST_hyb_2025_08_14.root exists.
File /Raid/data/Prod/v2r0/Hybrid/2025/08/hd_2025_08_15_12h00.root exists.
File /home/auger/CurrentShift/ADST_hyb_2025_08_15.root exists.
File /Raid/data/Prod/v2r0/Hybrid/2025/08/hd_2025_08_16_12h00.root exists.
File /home/auger/CurrentShift/ADST_hyb_2025_08_16.root exists.
File /Raid/data/Prod/v2r0/Hybrid/2025/08/hd_2025_08_17_12h00.root exists.
File /home/auger/CurrentShift/ADST_hyb_2025_08_17.root exists.
File /Raid/data/Prod/v2r0/Hybrid/2025/08/hd_2025_08_18_12h00.root exists.
File /home/auger/CurrentShift/ADST_hyb_2025_08_18.root exists.
File /Raid/data/Prod/v2r0/Hybrid/2025/08/hd_2025_08_19_12h00.root exists.
File /home/auger/CurrentShift/ADST_hyb_2025_08_19.root exists.
File /Raid/data/Prod/v2r0/Hybrid/2025/08/hd_2025_08_20_12h00.root exists.
File /home/auger/CurrentShift/ADST_hyb_2025_08_20.root exists.
File /Raid/data/Prod/v2r0/Hybrid/2025/08/hd_2025_08_21_12h00.root exists.
File /home/auger/CurrentShift/ADST_hyb_2025_08_21.root exists.
File /Raid/data/Prod/v2r0/Hybrid/2025/08/hd_2025_08_22_12h00.root exists.
2025-08-22
Started reconstruction in detached screen session: yosel
File /home/auger/CurrentShift/ADST_hyb_2025_08_22.root does not exist, processing...
File /Raid/data/Prod/v2r0/Hybrid/2025/08/hd_2025_08_23_12h00.root exists.
Reconstruction already running in screen session: yosel
File /home/auger/CurrentShift/ADST_hyb_2025_08_23.root does not exist, processing...
File /Raid/data/Prod/v2r0/Hybrid/2025/08/hd_2025_08_24_12h00.root exists.
Reconstruction already running in screen session: yosel
File /home/auger/CurrentShift/ADST_hyb_2025_08_24.root does not exist, processing...
File /Raid/data/Prod/v2r0/Hybrid/2025/08/hd_2025_08_25_12h00.root exists.
Reconstruction already running in screen session: yosel
File /home/auger/CurrentShift/ADST_hyb_2025_08_25.root does not exist, processing...
File /Raid/data/Prod/v2r0/Hybrid/2025/08/hd_2025_08_26_12h00.root exists.
Reconstruction already running in screen session: yosel
File /home/auger/CurrentShift/ADST_hyb_2025_08_26.root does not exist, processing...
File /Raid/data/Prod/v2r0/Hybrid/2025/08/hd_2025_08_27_12h00.root does not exist.
File /Raid/data/Prod/v2r0/Hybrid/2025/08/hd_2025_08_28_12h00.root exists.
Reconstruction already running in screen session: yosel
File /home/auger/CurrentShift/ADST_hyb_2025_08_28.root does not exist, processing...
File /Raid/data/Prod/v2r0/Hybrid/2025/08/hd_2025_08_29_12h00.root exists.
Reconstruction already running in screen session: yosel
File /home/auger/CurrentShift/ADST_hyb_2025_08_29.root does not exist, processing...
File /Raid/data/Prod/v2r0/Hybrid/2025/08/hd_2025_08_30_12h00.root does not exist.
File /Raid/data/Prod/v2r0/Hybrid/2025/08/hd_2025_08_31_12h00.root does not exist.
File /Raid/data/Prod/v2r0/Hybrid/2025/08/hd_2025_08_14_12h00.root exists.
File /home/auger/CurrentShift/ADST_hyb_2025_08_14.root exists.
File /Raid/data/Prod/v2r0/Hybrid/2025/08/hd_2025_08_15_12h00.root exists.
File /home/auger/CurrentShift/ADST_hyb_2025_08_15.root exists.
File /Raid/data/Prod/v2r0/Hybrid/2025/08/hd_2025_08_16_12h00.root exists.
File /home/auger/CurrentShift/ADST_hyb_2025_08_16.root exists.
File /Raid/data/Prod/v2r0/Hybrid/2025/08/hd_2025_08_17_12h00.root exists.
File /home/auger/CurrentShift/ADST_hyb_2025_08_17.root exists.
File /Raid/data/Prod/v2r0/Hybrid/2025/08/hd_2025_08_18_12h00.root exists.
File /home/auger/CurrentShift/ADST_hyb_2025_08_18.root exists.
File /Raid/data/Prod/v2r0/Hybrid/2025/08/hd_2025_08_19_12h00.root exists.
File /home/auger/CurrentShift/ADST_hyb_2025_08_19.root exists.
File /Raid/data/Prod/v2r0/Hybrid/2025/08/hd_2025_08_20_12h00.root exists.
File /home/auger/CurrentShift/ADST_hyb_2025_08_20.root exists.
File /Raid/data/Prod/v2r0/Hybrid/2025/08/hd_2025_08_21_12h00.root exists.
File /home/auger/CurrentShift/ADST_hyb_2025_08_21.root exists.
File /Raid/data/Prod/v2r0/Hybrid/2025/08/hd_2025_08_22_12h00.root exists.
⚠️ userAugerOffline is already running. Skipping reconstruction.
File /home/auger/CurrentShift/ADST_hyb_2025_08_22.root does not exist, processing...
File /Raid/data/Prod/v2r0/Hybrid/2025/08/hd_2025_08_23_12h00.root exists.
⚠️ userAugerOffline is already running. Skipping reconstruction.
File /home/auger/CurrentShift/ADST_hyb_2025_08_23.root does not exist, processing...
File /Raid/data/Prod/v2r0/Hybrid/2025/08/hd_2025_08_24_12h00.root exists.
⚠️ userAugerOffline is already running. Skipping reconstruction.
File /home/auger/CurrentShift/ADST_hyb_2025_08_24.root does not exist, processing...
File /Raid/data/Prod/v2r0/Hybrid/2025/08/hd_2025_08_25_12h00.root exists.
⚠️ userAugerOffline is already running. Skipping reconstruction.
File /home/auger/CurrentShift/ADST_hyb_2025_08_25.root does not exist, processing...
File /Raid/data/Prod/v2r0/Hybrid/2025/08/hd_2025_08_26_12h00.root exists.
⚠️ userAugerOffline is already running. Skipping reconstruction.
File /home/auger/CurrentShift/ADST_hyb_2025_08_26.root does not exist, processing...
File /Raid/data/Prod/v2r0/Hybrid/2025/08/hd_2025_08_27_12h00.root does not exist.
File /Raid/data/Prod/v2r0/Hybrid/2025/08/hd_2025_08_28_12h00.root exists.
⚠️ userAugerOffline is already running. Skipping reconstruction.
File /home/auger/CurrentShift/ADST_hyb_2025_08_28.root does not exist, processing...
File /Raid/data/Prod/v2r0/Hybrid/2025/08/hd_2025_08_29_12h00.root exists.
⚠️ userAugerOffline is already running. Skipping reconstruction.
File /home/auger/CurrentShift/ADST_hyb_2025_08_29.root does not exist, processing...
File /Raid/data/Prod/v2r0/Hybrid/2025/08/hd_2025_08_30_12h00.root does not exist.
File /Raid/data/Prod/v2r0/Hybrid/2025/08/hd_2025_08_31_12h00.root does not exist.
File /Raid/data/Prod/v2r0/Hybrid/2025/08/hd_2025_08_14_12h00.root exists.
File /home/auger/CurrentShift/ADST_hyb_2025_08_14.root exists.
File /Raid/data/Prod/v2r0/Hybrid/2025/08/hd_2025_08_15_12h00.root exists.
File /home/auger/CurrentShift/ADST_hyb_2025_08_15.root exists.
File /Raid/data/Prod/v2r0/Hybrid/2025/08/hd_2025_08_16_12h00.root exists.
File /home/auger/CurrentShift/ADST_hyb_2025_08_16.root exists.
File /Raid/data/Prod/v2r0/Hybrid/2025/08/hd_2025_08_17_12h00.root exists.
File /home/auger/CurrentShift/ADST_hyb_2025_08_17.root exists.
File /Raid/data/Prod/v2r0/Hybrid/2025/08/hd_2025_08_18_12h00.root exists.
File /home/auger/CurrentShift/ADST_hyb_2025_08_18.root exists.
File /Raid/data/Prod/v2r0/Hybrid/2025/08/hd_2025_08_19_12h00.root exists.
File /home/auger/CurrentShift/ADST_hyb_2025_08_19.root exists.
File /Raid/data/Prod/v2r0/Hybrid/2025/08/hd_2025_08_20_12h00.root exists.
File /home/auger/CurrentShift/ADST_hyb_2025_08_20.root exists.
File /Raid/data/Prod/v2r0/Hybrid/2025/08/hd_2025_08_21_12h00.root exists.
File /home/auger/CurrentShift/ADST_hyb_2025_08_21.root exists.
File /Raid/data/Prod/v2r0/Hybrid/2025/08/hd_2025_08_22_12h00.root exists.
File /home/auger/CurrentShift/ADST_hyb_2025_08_22.root exists.
File /Raid/data/Prod/v2r0/Hybrid/2025/08/hd_2025_08_23_12h00.root exists.
2025-08-23
Started reconstruction in detached screen session: yosel
File /home/auger/CurrentShift/ADST_hyb_2025_08_23.root does not exist, processing...
File /Raid/data/Prod/v2r0/Hybrid/2025/08/hd_2025_08_24_12h00.root exists.
Reconstruction already running in screen session: yosel
File /home/auger/CurrentShift/ADST_hyb_2025_08_24.root does not exist, processing...
File /Raid/data/Prod/v2r0/Hybrid/2025/08/hd_2025_08_25_12h00.root exists.
Reconstruction already running in screen session: yosel
File /home/auger/CurrentShift/ADST_hyb_2025_08_25.root does not exist, processing...
File /Raid/data/Prod/v2r0/Hybrid/2025/08/hd_2025_08_26_12h00.root exists.
Reconstruction already running in screen session: yosel
File /home/auger/CurrentShift/ADST_hyb_2025_08_26.root does not exist, processing...
File /Raid/data/Prod/v2r0/Hybrid/2025/08/hd_2025_08_27_12h00.root does not exist.
File /Raid/data/Prod/v2r0/Hybrid/2025/08/hd_2025_08_28_12h00.root exists.
Reconstruction already running in screen session: yosel
File /home/auger/CurrentShift/ADST_hyb_2025_08_28.root does not exist, processing...
File /Raid/data/Prod/v2r0/Hybrid/2025/08/hd_2025_08_29_12h00.root exists.
Reconstruction already running in screen session: yosel
File /home/auger/CurrentShift/ADST_hyb_2025_08_29.root does not exist, processing...
File /Raid/data/Prod/v2r0/Hybrid/2025/08/hd_2025_08_30_12h00.root does not exist.
File /Raid/data/Prod/v2r0/Hybrid/2025/08/hd_2025_08_31_12h00.root does not exist.
File /Raid/data/Prod/v2r0/Hybrid/2025/08/hd_2025_08_14_12h00.root exists.
File /home/auger/CurrentShift/ADST_hyb_2025_08_14.root exists.
File /Raid/data/Prod/v2r0/Hybrid/2025/08/hd_2025_08_15_12h00.root exists.
File /home/auger/CurrentShift/ADST_hyb_2025_08_15.root exists.
File /Raid/data/Prod/v2r0/Hybrid/2025/08/hd_2025_08_16_12h00.root exists.
File /home/auger/CurrentShift/ADST_hyb_2025_08_16.root exists.
File /Raid/data/Prod/v2r0/Hybrid/2025/08/hd_2025_08_17_12h00.root exists.
File /home/auger/CurrentShift/ADST_hyb_2025_08_17.root exists.
File /Raid/data/Prod/v2r0/Hybrid/2025/08/hd_2025_08_18_12h00.root exists.
File /home/auger/CurrentShift/ADST_hyb_2025_08_18.root exists.
File /Raid/data/Prod/v2r0/Hybrid/2025/08/hd_2025_08_19_12h00.root exists.
File /home/auger/CurrentShift/ADST_hyb_2025_08_19.root exists.
File /Raid/data/Prod/v2r0/Hybrid/2025/08/hd_2025_08_20_12h00.root exists.
File /home/auger/CurrentShift/ADST_hyb_2025_08_20.root exists.
File /Raid/data/Prod/v2r0/Hybrid/2025/08/hd_2025_08_21_12h00.root exists.
File /home/auger/CurrentShift/ADST_hyb_2025_08_21.root exists.
File /Raid/data/Prod/v2r0/Hybrid/2025/08/hd_2025_08_22_12h00.root exists.
File /home/auger/CurrentShift/ADST_hyb_2025_08_22.root exists.
File /Raid/data/Prod/v2r0/Hybrid/2025/08/hd_2025_08_23_12h00.root exists.
⚠️ userAugerOffline is already running. Skipping reconstruction.
File /home/auger/CurrentShift/ADST_hyb_2025_08_23.root does not exist, processing...
File /Raid/data/Prod/v2r0/Hybrid/2025/08/hd_2025_08_24_12h00.root exists.
⚠️ userAugerOffline is already running. Skipping reconstruction.
File /home/auger/CurrentShift/ADST_hyb_2025_08_24.root does not exist, processing...
File /Raid/data/Prod/v2r0/Hybrid/2025/08/hd_2025_08_25_12h00.root exists.
⚠️ userAugerOffline is already running. Skipping reconstruction.
File /home/auger/CurrentShift/ADST_hyb_2025_08_25.root does not exist, processing...
File /Raid/data/Prod/v2r0/Hybrid/2025/08/hd_2025_08_26_12h00.root exists.
⚠️ userAugerOffline is already running. Skipping reconstruction.
File /home/auger/CurrentShift/ADST_hyb_2025_08_26.root does not exist, processing...
File /Raid/data/Prod/v2r0/Hybrid/2025/08/hd_2025_08_27_12h00.root does not exist.
File /Raid/data/Prod/v2r0/Hybrid/2025/08/hd_2025_08_28_12h00.root exists.
⚠️ userAugerOffline is already running. Skipping reconstruction.
File /home/auger/CurrentShift/ADST_hyb_2025_08_28.root does not exist, processing...
File /Raid/data/Prod/v2r0/Hybrid/2025/08/hd_2025_08_29_12h00.root exists.
⚠️ userAugerOffline is already running. Skipping reconstruction.
File /home/auger/CurrentShift/ADST_hyb_2025_08_29.root does not exist, processing...
File /Raid/data/Prod/v2r0/Hybrid/2025/08/hd_2025_08_30_12h00.root does not exist.
File /Raid/data/Prod/v2r0/Hybrid/2025/08/hd_2025_08_31_12h00.root does not exist.
192.168.2.164 - - [17/Sep/2025 20:57:52] "GET / HTTP/1.1" 200 -
Last shift in database:
2025-09-12 to 2025-09-28
File /Raid/data/Prod/v2r0/Hybrid/2025/09/hd_2025_09_12_12h00.root exists.
⚠️ userAugerOffline is already running. Skipping reconstruction.
File /home/auger/CurrentShift/ADST_hyb_2025_09_12.root does not exist, processing...
File /Raid/data/Prod/v2r0/Hybrid/2025/09/hd_2025_09_13_12h00.root exists.
⚠️ userAugerOffline is already running. Skipping reconstruction.
File /home/auger/CurrentShift/ADST_hyb_2025_09_13.root does not exist, processing...
File /Raid/data/Prod/v2r0/Hybrid/2025/09/hd_2025_09_14_12h00.root does not exist.
File /Raid/data/Prod/v2r0/Hybrid/2025/09/hd_2025_09_15_12h00.root does not exist.
File /Raid/data/Prod/v2r0/Hybrid/2025/09/hd_2025_09_16_12h00.root does not exist.
File /Raid/data/Prod/v2r0/Hybrid/2025/09/hd_2025_09_17_12h00.root does not exist.
File /Raid/data/Prod/v2r0/Hybrid/2025/09/hd_2025_09_18_12h00.root does not exist.
File /Raid/data/Prod/v2r0/Hybrid/2025/09/hd_2025_09_19_12h00.root does not exist.
File /Raid/data/Prod/v2r0/Hybrid/2025/09/hd_2025_09_20_12h00.root does not exist.
File /Raid/data/Prod/v2r0/Hybrid/2025/09/hd_2025_09_21_12h00.root does not exist.
File /Raid/data/Prod/v2r0/Hybrid/2025/09/hd_2025_09_22_12h00.root does not exist.
File /Raid/data/Prod/v2r0/Hybrid/2025/09/hd_2025_09_23_12h00.root does not exist.
File /Raid/data/Prod/v2r0/Hybrid/2025/09/hd_2025_09_24_12h00.root does not exist.
File /Raid/data/Prod/v2r0/Hybrid/2025/09/hd_2025_09_25_12h00.root does not exist.
File /Raid/data/Prod/v2r0/Hybrid/2025/09/hd_2025_09_26_12h00.root does not exist.
File /Raid/data/Prod/v2r0/Hybrid/2025/09/hd_2025_09_27_12h00.root does not exist.
File /Raid/data/Prod/v2r0/Hybrid/2025/09/hd_2025_09_28_12h00.root does not exist.
192.168.2.164 - - [17/Sep/2025 20:57:56] "GET /offline HTTP/1.1" 200 -
192.168.2.164 - - [17/Sep/2025 20:57:56] "[33mGET /favicon.ico HTTP/1.1[0m" 404 -
File /Raid/data/Prod/v2r0/Hybrid/2025/08/hd_2025_08_14_12h00.root exists.
File /home/auger/CurrentShift/ADST_hyb_2025_08_14.root exists.
File /Raid/data/Prod/v2r0/Hybrid/2025/08/hd_2025_08_15_12h00.root exists.
File /home/auger/CurrentShift/ADST_hyb_2025_08_15.root exists.
File /Raid/data/Prod/v2r0/Hybrid/2025/08/hd_2025_08_16_12h00.root exists.
File /home/auger/CurrentShift/ADST_hyb_2025_08_16.root exists.
File /Raid/data/Prod/v2r0/Hybrid/2025/08/hd_2025_08_17_12h00.root exists.
File /home/auger/CurrentShift/ADST_hyb_2025_08_17.root exists.
File /Raid/data/Prod/v2r0/Hybrid/2025/08/hd_2025_08_18_12h00.root exists.
File /home/auger/CurrentShift/ADST_hyb_2025_08_18.root exists.
File /Raid/data/Prod/v2r0/Hybrid/2025/08/hd_2025_08_19_12h00.root exists.
File /home/auger/CurrentShift/ADST_hyb_2025_08_19.root exists.
File /Raid/data/Prod/v2r0/Hybrid/2025/08/hd_2025_08_20_12h00.root exists.
File /home/auger/CurrentShift/ADST_hyb_2025_08_20.root exists.
File /Raid/data/Prod/v2r0/Hybrid/2025/08/hd_2025_08_21_12h00.root exists.
File /home/auger/CurrentShift/ADST_hyb_2025_08_21.root exists.
File /Raid/data/Prod/v2r0/Hybrid/2025/08/hd_2025_08_22_12h00.root exists.
File /home/auger/CurrentShift/ADST_hyb_2025_08_22.root exists.
File /Raid/data/Prod/v2r0/Hybrid/2025/08/hd_2025_08_23_12h00.root exists.
File /home/auger/CurrentShift/ADST_hyb_2025_08_23.root exists.
File /Raid/data/Prod/v2r0/Hybrid/2025/08/hd_2025_08_24_12h00.root exists.
2025-08-24
Started reconstruction in detached screen session: yosel
File /home/auger/CurrentShift/ADST_hyb_2025_08_24.root does not exist, processing...
File /Raid/data/Prod/v2r0/Hybrid/2025/08/hd_2025_08_25_12h00.root exists.
Reconstruction already running in screen session: yosel
File /home/auger/CurrentShift/ADST_hyb_2025_08_25.root does not exist, processing...
File /Raid/data/Prod/v2r0/Hybrid/2025/08/hd_2025_08_26_12h00.root exists.
Reconstruction already running in screen session: yosel
File /home/auger/CurrentShift/ADST_hyb_2025_08_26.root does not exist, processing...
File /Raid/data/Prod/v2r0/Hybrid/2025/08/hd_2025_08_27_12h00.root does not exist.
File /Raid/data/Prod/v2r0/Hybrid/2025/08/hd_2025_08_28_12h00.root exists.
Reconstruction already running in screen session: yosel
File /home/auger/CurrentShift/ADST_hyb_2025_08_28.root does not exist, processing...
File /Raid/data/Prod/v2r0/Hybrid/2025/08/hd_2025_08_29_12h00.root exists.
Reconstruction already running in screen session: yosel
File /home/auger/CurrentShift/ADST_hyb_2025_08_29.root does not exist, processing...
File /Raid/data/Prod/v2r0/Hybrid/2025/08/hd_2025_08_30_12h00.root does not exist.
File /Raid/data/Prod/v2r0/Hybrid/2025/08/hd_2025_08_31_12h00.root does not exist.
File /Raid/data/Prod/v2r0/Hybrid/2025/08/hd_2025_08_14_12h00.root exists.
File /home/auger/CurrentShift/ADST_hyb_2025_08_14.root exists.
File /Raid/data/Prod/v2r0/Hybrid/2025/08/hd_2025_08_15_12h00.root exists.
File /home/auger/CurrentShift/ADST_hyb_2025_08_15.root exists.
File /Raid/data/Prod/v2r0/Hybrid/2025/08/hd_2025_08_16_12h00.root exists.
File /home/auger/CurrentShift/ADST_hyb_2025_08_16.root exists.
File /Raid/data/Prod/v2r0/Hybrid/2025/08/hd_2025_08_17_12h00.root exists.
File /home/auger/CurrentShift/ADST_hyb_2025_08_17.root exists.
File /Raid/data/Prod/v2r0/Hybrid/2025/08/hd_2025_08_18_12h00.root exists.
File /home/auger/CurrentShift/ADST_hyb_2025_08_18.root exists.
File /Raid/data/Prod/v2r0/Hybrid/2025/08/hd_2025_08_19_12h00.root exists.
File /home/auger/CurrentShift/ADST_hyb_2025_08_19.root exists.
File /Raid/data/Prod/v2r0/Hybrid/2025/08/hd_2025_08_20_12h00.root exists.
File /home/auger/CurrentShift/ADST_hyb_2025_08_20.root exists.
File /Raid/data/Prod/v2r0/Hybrid/2025/08/hd_2025_08_21_12h00.root exists.
File /home/auger/CurrentShift/ADST_hyb_2025_08_21.root exists.
File /Raid/data/Prod/v2r0/Hybrid/2025/08/hd_2025_08_22_12h00.root exists.
File /home/auger/CurrentShift/ADST_hyb_2025_08_22.root exists.
File /Raid/data/Prod/v2r0/Hybrid/2025/08/hd_2025_08_23_12h00.root exists.
File /home/auger/CurrentShift/ADST_hyb_2025_08_23.root exists.
File /Raid/data/Prod/v2r0/Hybrid/2025/08/hd_2025_08_24_12h00.root exists.
⚠️ userAugerOffline is already running. Skipping reconstruction.
File /home/auger/CurrentShift/ADST_hyb_2025_08_24.root does not exist, processing...
File /Raid/data/Prod/v2r0/Hybrid/2025/08/hd_2025_08_25_12h00.root exists.
⚠️ userAugerOffline is already running. Skipping reconstruction.
File /home/auger/CurrentShift/ADST_hyb_2025_08_25.root does not exist, processing...
File /Raid/data/Prod/v2r0/Hybrid/2025/08/hd_2025_08_26_12h00.root exists.
⚠️ userAugerOffline is already running. Skipping reconstruction.
File /home/auger/CurrentShift/ADST_hyb_2025_08_26.root does not exist, processing...
File /Raid/data/Prod/v2r0/Hybrid/2025/08/hd_2025_08_27_12h00.root does not exist.
File /Raid/data/Prod/v2r0/Hybrid/2025/08/hd_2025_08_28_12h00.root exists.
⚠️ userAugerOffline is already running. Skipping reconstruction.
File /home/auger/CurrentShift/ADST_hyb_2025_08_28.root does not exist, processing...
File /Raid/data/Prod/v2r0/Hybrid/2025/08/hd_2025_08_29_12h00.root exists.
⚠️ userAugerOffline is already running. Skipping reconstruction.
File /home/auger/CurrentShift/ADST_hyb_2025_08_29.root does not exist, processing...
File /Raid/data/Prod/v2r0/Hybrid/2025/08/hd_2025_08_30_12h00.root does not exist.
File /Raid/data/Prod/v2r0/Hybrid/2025/08/hd_2025_08_31_12h00.root does not exist.
File /Raid/data/Prod/v2r0/Hybrid/2025/08/hd_2025_08_14_12h00.root exists.
File /home/auger/CurrentShift/ADST_hyb_2025_08_14.root exists.
File /Raid/data/Prod/v2r0/Hybrid/2025/08/hd_2025_08_15_12h00.root exists.
File /home/auger/CurrentShift/ADST_hyb_2025_08_15.root exists.
File /Raid/data/Prod/v2r0/Hybrid/2025/08/hd_2025_08_16_12h00.root exists.
File /home/auger/CurrentShift/ADST_hyb_2025_08_16.root exists.
File /Raid/data/Prod/v2r0/Hybrid/2025/08/hd_2025_08_17_12h00.root exists.
File /home/auger/CurrentShift/ADST_hyb_2025_08_17.root exists.
File /Raid/data/Prod/v2r0/Hybrid/2025/08/hd_2025_08_18_12h00.root exists.
File /home/auger/CurrentShift/ADST_hyb_2025_08_18.root exists.
File /Raid/data/Prod/v2r0/Hybrid/2025/08/hd_2025_08_19_12h00.root exists.
File /home/auger/CurrentShift/ADST_hyb_2025_08_19.root exists.
File /Raid/data/Prod/v2r0/Hybrid/2025/08/hd_2025_08_20_12h00.root exists.
File /home/auger/CurrentShift/ADST_hyb_2025_08_20.root exists.
File /Raid/data/Prod/v2r0/Hybrid/2025/08/hd_2025_08_21_12h00.root exists.
File /home/auger/CurrentShift/ADST_hyb_2025_08_21.root exists.
File /Raid/data/Prod/v2r0/Hybrid/2025/08/hd_2025_08_22_12h00.root exists.
File /home/auger/CurrentShift/ADST_hyb_2025_08_22.root exists.
File /Raid/data/Prod/v2r0/Hybrid/2025/08/hd_2025_08_23_12h00.root exists.
File /home/auger/CurrentShift/ADST_hyb_2025_08_23.root exists.
File /Raid/data/Prod/v2r0/Hybrid/2025/08/hd_2025_08_24_12h00.root exists.
File /home/auger/CurrentShift/ADST_hyb_2025_08_24.root exists.
File /Raid/data/Prod/v2r0/Hybrid/2025/08/hd_2025_08_25_12h00.root exists.
2025-08-25
Started reconstruction in detached screen session: yosel
File /home/auger/CurrentShift/ADST_hyb_2025_08_25.root does not exist, processing...
File /Raid/data/Prod/v2r0/Hybrid/2025/08/hd_2025_08_26_12h00.root exists.
Reconstruction already running in screen session: yosel
File /home/auger/CurrentShift/ADST_hyb_2025_08_26.root does not exist, processing...
File /Raid/data/Prod/v2r0/Hybrid/2025/08/hd_2025_08_27_12h00.root does not exist.
File /Raid/data/Prod/v2r0/Hybrid/2025/08/hd_2025_08_28_12h00.root exists.
Reconstruction already running in screen session: yosel
File /home/auger/CurrentShift/ADST_hyb_2025_08_28.root does not exist, processing...
File /Raid/data/Prod/v2r0/Hybrid/2025/08/hd_2025_08_29_12h00.root exists.
Reconstruction already running in screen session: yosel
File /home/auger/CurrentShift/ADST_hyb_2025_08_29.root does not exist, processing...
File /Raid/data/Prod/v2r0/Hybrid/2025/08/hd_2025_08_30_12h00.root does not exist.
File /Raid/data/Prod/v2r0/Hybrid/2025/08/hd_2025_08_31_12h00.root does not exist.
File /Raid/data/Prod/v2r0/Hybrid/2025/08/hd_2025_08_14_12h00.root exists.
File /home/auger/CurrentShift/ADST_hyb_2025_08_14.root exists.
File /Raid/data/Prod/v2r0/Hybrid/2025/08/hd_2025_08_15_12h00.root exists.
File /home/auger/CurrentShift/ADST_hyb_2025_08_15.root exists.
File /Raid/data/Prod/v2r0/Hybrid/2025/08/hd_2025_08_16_12h00.root exists.
File /home/auger/CurrentShift/ADST_hyb_2025_08_16.root exists.
File /Raid/data/Prod/v2r0/Hybrid/2025/08/hd_2025_08_17_12h00.root exists.
File /home/auger/CurrentShift/ADST_hyb_2025_08_17.root exists.
File /Raid/data/Prod/v2r0/Hybrid/2025/08/hd_2025_08_18_12h00.root exists.
File /home/auger/CurrentShift/ADST_hyb_2025_08_18.root exists.
File /Raid/data/Prod/v2r0/Hybrid/2025/08/hd_2025_08_19_12h00.root exists.
File /home/auger/CurrentShift/ADST_hyb_2025_08_19.root exists.
File /Raid/data/Prod/v2r0/Hybrid/2025/08/hd_2025_08_20_12h00.root exists.
File /home/auger/CurrentShift/ADST_hyb_2025_08_20.root exists.
File /Raid/data/Prod/v2r0/Hybrid/2025/08/hd_2025_08_21_12h00.root exists.
File /home/auger/CurrentShift/ADST_hyb_2025_08_21.root exists.
File /Raid/data/Prod/v2r0/Hybrid/2025/08/hd_2025_08_22_12h00.root exists.
File /home/auger/CurrentShift/ADST_hyb_2025_08_22.root exists.
File /Raid/data/Prod/v2r0/Hybrid/2025/08/hd_2025_08_23_12h00.root exists.
File /home/auger/CurrentShift/ADST_hyb_2025_08_23.root exists.
File /Raid/data/Prod/v2r0/Hybrid/2025/08/hd_2025_08_24_12h00.root exists.
File /home/auger/CurrentShift/ADST_hyb_2025_08_24.root exists.
File /Raid/data/Prod/v2r0/Hybrid/2025/08/hd_2025_08_25_12h00.root exists.
⚠️ userAugerOffline is already running. Skipping reconstruction.
File /home/auger/CurrentShift/ADST_hyb_2025_08_25.root does not exist, processing...
File /Raid/data/Prod/v2r0/Hybrid/2025/08/hd_2025_08_26_12h00.root exists.
⚠️ userAugerOffline is already running. Skipping reconstruction.
File /home/auger/CurrentShift/ADST_hyb_2025_08_26.root does not exist, processing...
File /Raid/data/Prod/v2r0/Hybrid/2025/08/hd_2025_08_27_12h00.root does not exist.
File /Raid/data/Prod/v2r0/Hybrid/2025/08/hd_2025_08_28_12h00.root exists.
⚠️ userAugerOffline is already running. Skipping reconstruction.
File /home/auger/CurrentShift/ADST_hyb_2025_08_28.root does not exist, processing...
File /Raid/data/Prod/v2r0/Hybrid/2025/08/hd_2025_08_29_12h00.root exists.
⚠️ userAugerOffline is already running. Skipping reconstruction.
File /home/auger/CurrentShift/ADST_hyb_2025_08_29.root does not exist, processing...
File /Raid/data/Prod/v2r0/Hybrid/2025/08/hd_2025_08_30_12h00.root does not exist.
File /Raid/data/Prod/v2r0/Hybrid/2025/08/hd_2025_08_31_12h00.root does not exist.
File /Raid/data/Prod/v2r0/Hybrid/2025/08/hd_2025_08_14_12h00.root exists.
File /home/auger/CurrentShift/ADST_hyb_2025_08_14.root exists.
File /Raid/data/Prod/v2r0/Hybrid/2025/08/hd_2025_08_15_12h00.root exists.
File /home/auger/CurrentShift/ADST_hyb_2025_08_15.root exists.
File /Raid/data/Prod/v2r0/Hybrid/2025/08/hd_2025_08_16_12h00.root exists.
File /home/auger/CurrentShift/ADST_hyb_2025_08_16.root exists.
File /Raid/data/Prod/v2r0/Hybrid/2025/08/hd_2025_08_17_12h00.root exists.
File /home/auger/CurrentShift/ADST_hyb_2025_08_17.root exists.
File /Raid/data/Prod/v2r0/Hybrid/2025/08/hd_2025_08_18_12h00.root exists.
File /home/auger/CurrentShift/ADST_hyb_2025_08_18.root exists.
File /Raid/data/Prod/v2r0/Hybrid/2025/08/hd_2025_08_19_12h00.root exists.
File /home/auger/CurrentShift/ADST_hyb_2025_08_19.root exists.
File /Raid/data/Prod/v2r0/Hybrid/2025/08/hd_2025_08_20_12h00.root exists.
File /home/auger/CurrentShift/ADST_hyb_2025_08_20.root exists.
File /Raid/data/Prod/v2r0/Hybrid/2025/08/hd_2025_08_21_12h00.root exists.
File /home/auger/CurrentShift/ADST_hyb_2025_08_21.root exists.
File /Raid/data/Prod/v2r0/Hybrid/2025/08/hd_2025_08_22_12h00.root exists.
File /home/auger/CurrentShift/ADST_hyb_2025_08_22.root exists.
File /Raid/data/Prod/v2r0/Hybrid/2025/08/hd_2025_08_23_12h00.root exists.
File /home/auger/CurrentShift/ADST_hyb_2025_08_23.root exists.
File /Raid/data/Prod/v2r0/Hybrid/2025/08/hd_2025_08_24_12h00.root exists.
File /home/auger/CurrentShift/ADST_hyb_2025_08_24.root exists.
File /Raid/data/Prod/v2r0/Hybrid/2025/08/hd_2025_08_25_12h00.root exists.
File /home/auger/CurrentShift/ADST_hyb_2025_08_25.root exists.
File /Raid/data/Prod/v2r0/Hybrid/2025/08/hd_2025_08_26_12h00.root exists.
2025-08-26
Started reconstruction in detached screen session: yosel
File /home/auger/CurrentShift/ADST_hyb_2025_08_26.root does not exist, processing...
File /Raid/data/Prod/v2r0/Hybrid/2025/08/hd_2025_08_27_12h00.root does not exist.
File /Raid/data/Prod/v2r0/Hybrid/2025/08/hd_2025_08_28_12h00.root exists.
Reconstruction already running in screen session: yosel
File /home/auger/CurrentShift/ADST_hyb_2025_08_28.root does not exist, processing...
File /Raid/data/Prod/v2r0/Hybrid/2025/08/hd_2025_08_29_12h00.root exists.
Reconstruction already running in screen session: yosel
File /home/auger/CurrentShift/ADST_hyb_2025_08_29.root does not exist, processing...
File /Raid/data/Prod/v2r0/Hybrid/2025/08/hd_2025_08_30_12h00.root does not exist.
File /Raid/data/Prod/v2r0/Hybrid/2025/08/hd_2025_08_31_12h00.root does not exist.
File /Raid/data/Prod/v2r0/Hybrid/2025/08/hd_2025_08_14_12h00.root exists.
File /home/auger/CurrentShift/ADST_hyb_2025_08_14.root exists.
File /Raid/data/Prod/v2r0/Hybrid/2025/08/hd_2025_08_15_12h00.root exists.
File /home/auger/CurrentShift/ADST_hyb_2025_08_15.root exists.
File /Raid/data/Prod/v2r0/Hybrid/2025/08/hd_2025_08_16_12h00.root exists.
File /home/auger/CurrentShift/ADST_hyb_2025_08_16.root exists.
File /Raid/data/Prod/v2r0/Hybrid/2025/08/hd_2025_08_17_12h00.root exists.
File /home/auger/CurrentShift/ADST_hyb_2025_08_17.root exists.
File /Raid/data/Prod/v2r0/Hybrid/2025/08/hd_2025_08_18_12h00.root exists.
File /home/auger/CurrentShift/ADST_hyb_2025_08_18.root exists.
File /Raid/data/Prod/v2r0/Hybrid/2025/08/hd_2025_08_19_12h00.root exists.
File /home/auger/CurrentShift/ADST_hyb_2025_08_19.root exists.
File /Raid/data/Prod/v2r0/Hybrid/2025/08/hd_2025_08_20_12h00.root exists.
File /home/auger/CurrentShift/ADST_hyb_2025_08_20.root exists.
File /Raid/data/Prod/v2r0/Hybrid/2025/08/hd_2025_08_21_12h00.root exists.
File /home/auger/CurrentShift/ADST_hyb_2025_08_21.root exists.
File /Raid/data/Prod/v2r0/Hybrid/2025/08/hd_2025_08_22_12h00.root exists.
File /home/auger/CurrentShift/ADST_hyb_2025_08_22.root exists.
File /Raid/data/Prod/v2r0/Hybrid/2025/08/hd_2025_08_23_12h00.root exists.
File /home/auger/CurrentShift/ADST_hyb_2025_08_23.root exists.
File /Raid/data/Prod/v2r0/Hybrid/2025/08/hd_2025_08_24_12h00.root exists.
File /home/auger/CurrentShift/ADST_hyb_2025_08_24.root exists.
File /Raid/data/Prod/v2r0/Hybrid/2025/08/hd_2025_08_25_12h00.root exists.
File /home/auger/CurrentShift/ADST_hyb_2025_08_25.root exists.
File /Raid/data/Prod/v2r0/Hybrid/2025/08/hd_2025_08_26_12h00.root exists.
⚠️ userAugerOffline is already running. Skipping reconstruction.
File /home/auger/CurrentShift/ADST_hyb_2025_08_26.root does not exist, processing...
File /Raid/data/Prod/v2r0/Hybrid/2025/08/hd_2025_08_27_12h00.root does not exist.
File /Raid/data/Prod/v2r0/Hybrid/2025/08/hd_2025_08_28_12h00.root exists.
⚠️ userAugerOffline is already running. Skipping reconstruction.
File /home/auger/CurrentShift/ADST_hyb_2025_08_28.root does not exist, processing...
File /Raid/data/Prod/v2r0/Hybrid/2025/08/hd_2025_08_29_12h00.root exists.
⚠️ userAugerOffline is already running. Skipping reconstruction.
File /home/auger/CurrentShift/ADST_hyb_2025_08_29.root does not exist, processing...
File /Raid/data/Prod/v2r0/Hybrid/2025/08/hd_2025_08_30_12h00.root does not exist.
File /Raid/data/Prod/v2r0/Hybrid/2025/08/hd_2025_08_31_12h00.root does not exist.
192.168.2.164 - - [18/Sep/2025 09:18:18] "GET / HTTP/1.1" 200 -
Last shift in database:
2025-09-12 to 2025-09-28
File /Raid/data/Prod/v2r0/Hybrid/2025/09/hd_2025_09_12_12h00.root exists.
⚠️ userAugerOffline is already running. Skipping reconstruction.
File /home/auger/CurrentShift/ADST_hyb_2025_09_12.root does not exist, processing...
File /Raid/data/Prod/v2r0/Hybrid/2025/09/hd_2025_09_13_12h00.root exists.
⚠️ userAugerOffline is already running. Skipping reconstruction.
File /home/auger/CurrentShift/ADST_hyb_2025_09_13.root does not exist, processing...
File /Raid/data/Prod/v2r0/Hybrid/2025/09/hd_2025_09_14_12h00.root does not exist.
File /Raid/data/Prod/v2r0/Hybrid/2025/09/hd_2025_09_15_12h00.root does not exist.
File /Raid/data/Prod/v2r0/Hybrid/2025/09/hd_2025_09_16_12h00.root does not exist.
File /Raid/data/Prod/v2r0/Hybrid/2025/09/hd_2025_09_17_12h00.root does not exist.
File /Raid/data/Prod/v2r0/Hybrid/2025/09/hd_2025_09_18_12h00.root does not exist.
File /Raid/data/Prod/v2r0/Hybrid/2025/09/hd_2025_09_19_12h00.root does not exist.
File /Raid/data/Prod/v2r0/Hybrid/2025/09/hd_2025_09_20_12h00.root does not exist.
File /Raid/data/Prod/v2r0/Hybrid/2025/09/hd_2025_09_21_12h00.root does not exist.
File /Raid/data/Prod/v2r0/Hybrid/2025/09/hd_2025_09_22_12h00.root does not exist.
File /Raid/data/Prod/v2r0/Hybrid/2025/09/hd_2025_09_23_12h00.root does not exist.
File /Raid/data/Prod/v2r0/Hybrid/2025/09/hd_2025_09_24_12h00.root does not exist.
File /Raid/data/Prod/v2r0/Hybrid/2025/09/hd_2025_09_25_12h00.root does not exist.
File /Raid/data/Prod/v2r0/Hybrid/2025/09/hd_2025_09_26_12h00.root does not exist.
File /Raid/data/Prod/v2r0/Hybrid/2025/09/hd_2025_09_27_12h00.root does not exist.
File /Raid/data/Prod/v2r0/Hybrid/2025/09/hd_2025_09_28_12h00.root does not exist.
192.168.2.164 - - [18/Sep/2025 09:18:21] "GET /offline HTTP/1.1" 200 -
192.168.2.164 - - [18/Sep/2025 09:18:21] "[33mGET /favicon.ico HTTP/1.1[0m" 404 -
Last shift in database:
2025-09-12 to 2025-09-28
File /Raid/data/Prod/v2r0/Hybrid/2025/09/hd_2025_09_12_12h00.root exists.
⚠️ userAugerOffline is already running. Skipping reconstruction.
File /home/auger/CurrentShift/ADST_hyb_2025_09_12.root does not exist, processing...
File /Raid/data/Prod/v2r0/Hybrid/2025/09/hd_2025_09_13_12h00.root exists.
⚠️ userAugerOffline is already running. Skipping reconstruction.
File /home/auger/CurrentShift/ADST_hyb_2025_09_13.root does not exist, processing...
File /Raid/data/Prod/v2r0/Hybrid/2025/09/hd_2025_09_14_12h00.root does not exist.
File /Raid/data/Prod/v2r0/Hybrid/2025/09/hd_2025_09_15_12h00.root does not exist.
File /Raid/data/Prod/v2r0/Hybrid/2025/09/hd_2025_09_16_12h00.root does not exist.
File /Raid/data/Prod/v2r0/Hybrid/2025/09/hd_2025_09_17_12h00.root does not exist.
File /Raid/data/Prod/v2r0/Hybrid/2025/09/hd_2025_09_18_12h00.root does not exist.
File /Raid/data/Prod/v2r0/Hybrid/2025/09/hd_2025_09_19_12h00.root does not exist.
File /Raid/data/Prod/v2r0/Hybrid/2025/09/hd_2025_09_20_12h00.root does not exist.
File /Raid/data/Prod/v2r0/Hybrid/2025/09/hd_2025_09_21_12h00.root does not exist.
File /Raid/data/Prod/v2r0/Hybrid/2025/09/hd_2025_09_22_12h00.root does not exist.
File /Raid/data/Prod/v2r0/Hybrid/2025/09/hd_2025_09_23_12h00.root does not exist.
File /Raid/data/Prod/v2r0/Hybrid/2025/09/hd_2025_09_24_12h00.root does not exist.
File /Raid/data/Prod/v2r0/Hybrid/2025/09/hd_2025_09_25_12h00.root does not exist.
File /Raid/data/Prod/v2r0/Hybrid/2025/09/hd_2025_09_26_12h00.root does not exist.
File /Raid/data/Prod/v2r0/Hybrid/2025/09/hd_2025_09_27_12h00.root does not exist.
File /Raid/data/Prod/v2r0/Hybrid/2025/09/hd_2025_09_28_12h00.root does not exist.
192.168.2.164 - - [18/Sep/2025 09:18:24] "GET /offline HTTP/1.1" 200 -
Last shift in database:
2025-09-12 to 2025-09-28
File /Raid/data/Prod/v2r0/Hybrid/2025/09/hd_2025_09_12_12h00.root exists.
⚠️ userAugerOffline is already running. Skipping reconstruction.
File /home/auger/CurrentShift/ADST_hyb_2025_09_12.root does not exist, processing...
File /Raid/data/Prod/v2r0/Hybrid/2025/09/hd_2025_09_13_12h00.root exists.
⚠️ userAugerOffline is already running. Skipping reconstruction.
File /home/auger/CurrentShift/ADST_hyb_2025_09_13.root does not exist, processing...
File /Raid/data/Prod/v2r0/Hybrid/2025/09/hd_2025_09_14_12h00.root does not exist.
File /Raid/data/Prod/v2r0/Hybrid/2025/09/hd_2025_09_15_12h00.root does not exist.
File /Raid/data/Prod/v2r0/Hybrid/2025/09/hd_2025_09_16_12h00.root does not exist.
File /Raid/data/Prod/v2r0/Hybrid/2025/09/hd_2025_09_17_12h00.root does not exist.
File /Raid/data/Prod/v2r0/Hybrid/2025/09/hd_2025_09_18_12h00.root does not exist.
File /Raid/data/Prod/v2r0/Hybrid/2025/09/hd_2025_09_19_12h00.root does not exist.
File /Raid/data/Prod/v2r0/Hybrid/2025/09/hd_2025_09_20_12h00.root does not exist.
File /Raid/data/Prod/v2r0/Hybrid/2025/09/hd_2025_09_21_12h00.root does not exist.
File /Raid/data/Prod/v2r0/Hybrid/2025/09/hd_2025_09_22_12h00.root does not exist.
File /Raid/data/Prod/v2r0/Hybrid/2025/09/hd_2025_09_23_12h00.root does not exist.
File /Raid/data/Prod/v2r0/Hybrid/2025/09/hd_2025_09_24_12h00.root does not exist.
File /Raid/data/Prod/v2r0/Hybrid/2025/09/hd_2025_09_25_12h00.root does not exist.
File /Raid/data/Prod/v2r0/Hybrid/2025/09/hd_2025_09_26_12h00.root does not exist.
File /Raid/data/Prod/v2r0/Hybrid/2025/09/hd_2025_09_27_12h00.root does not exist.
File /Raid/data/Prod/v2r0/Hybrid/2025/09/hd_2025_09_28_12h00.root does not exist.
192.168.2.164 - - [18/Sep/2025 09:20:01] "GET /offline HTTP/1.1" 200 -
