['2024-09-22 to 2024-10-08', '2024-10-22 to 2024-11-06', '2024-11-20 to 2024-12-06', '2024-12-22 to 2025-01-07', '2025-01-23 to 2025-02-05', '2025-02-21 to 2025-03-07', '2025-03-22 to 2025-04-05', '2025-04-19 to 2025-05-05', '2025-05-18 to 2025-06-04', '2025-06-16 to 2025-07-03', '2025-07-16 to 2025-08-03', '2025-08-14 to 2025-08-30']
 * Serving Flask app 'server'
 * Debug mode: off
[31m[1mWARNING: This is a development server. Do not use it in a production deployment. Use a production WSGI server instead.[0m
 * Running on all addresses (0.0.0.0)
 * Running on http://127.0.0.1:5000
 * Running on http://192.168.2.134:5000
[33mPress CTRL+C to quit[0m
192.168.2.164 - - [15/Sep/2025 23:00:39] "GET / HTTP/1.1" 200 -
Last shift in database:
2025-08-14 to 2025-08-30
File /Raid/data/Prod/v2r0/Hybrid/2025/08/hd_2025_08_14_12h00.root exists.
File /home/auger/CurrentShift/ADST_hyb_2025_08_14.root exists.
File /Raid/data/Prod/v2r0/Hybrid/2025/08/hd_2025_08_15_12h00.root exists.
File /home/auger/CurrentShift/ADST_hyb_2025_08_15.root exists.
File /Raid/data/Prod/v2r0/Hybrid/2025/08/hd_2025_08_16_12h00.root exists.
File /home/auger/CurrentShift/ADST_hyb_2025_08_16.root exists.
File /Raid/data/Prod/v2r0/Hybrid/2025/08/hd_2025_08_17_12h00.root exists.
File /home/auger/CurrentShift/ADST_hyb_2025_08_17.root exists.
File /Raid/data/Prod/v2r0/Hybrid/2025/08/hd_2025_08_18_12h00.root exists.
File /home/auger/CurrentShift/ADST_hyb_2025_08_18.root exists.
File /Raid/data/Prod/v2r0/Hybrid/2025/08/hd_2025_08_19_12h00.root exists.
File /home/auger/CurrentShift/ADST_hyb_2025_08_19.root exists.
File /Raid/data/Prod/v2r0/Hybrid/2025/08/hd_2025_08_20_12h00.root exists.
File /home/auger/CurrentShift/ADST_hyb_2025_08_20.root exists.
File /Raid/data/Prod/v2r0/Hybrid/2025/08/hd_2025_08_21_12h00.root exists.
File /home/auger/CurrentShift/ADST_hyb_2025_08_21.root exists.
File /Raid/data/Prod/v2r0/Hybrid/2025/08/hd_2025_08_22_12h00.root exists.
File /home/auger/CurrentShift/ADST_hyb_2025_08_22.root exists.
File /Raid/data/Prod/v2r0/Hybrid/2025/08/hd_2025_08_23_12h00.root exists.
File /home/auger/CurrentShift/ADST_hyb_2025_08_23.root exists.
File /Raid/data/Prod/v2r0/Hybrid/2025/08/hd_2025_08_24_12h00.root exists.
File /home/auger/CurrentShift/ADST_hyb_2025_08_24.root exists.
File /Raid/data/Prod/v2r0/Hybrid/2025/08/hd_2025_08_25_12h00.root exists.
File /home/auger/CurrentShift/ADST_hyb_2025_08_25.root exists.
File /Raid/data/Prod/v2r0/Hybrid/2025/08/hd_2025_08_26_12h00.root exists.
File /home/auger/CurrentShift/ADST_hyb_2025_08_26.root exists.
File /Raid/data/Prod/v2r0/Hybrid/2025/08/hd_2025_08_27_12h00.root does not exist.
File /Raid/data/Prod/v2r0/Hybrid/2025/08/hd_2025_08_28_12h00.root exists.
File /home/auger/CurrentShift/ADST_hyb_2025_08_28.root exists.
File /Raid/data/Prod/v2r0/Hybrid/2025/08/hd_2025_08_29_12h00.root exists.
File /home/auger/CurrentShift/ADST_hyb_2025_08_29.root exists.
File /Raid/data/Prod/v2r0/Hybrid/2025/08/hd_2025_08_30_12h00.root does not exist.
192.168.2.164 - - [15/Sep/2025 23:01:08] "GET /offline HTTP/1.1" 200 -
File /Raid/data/Prod/v2r0/Hybrid/2025/08/hd_2025_08_14_12h00.root exists.
File /home/auger/CurrentShift/ADST_hyb_2025_08_14.root exists.
File /Raid/data/Prod/v2r0/Hybrid/2025/08/hd_2025_08_15_12h00.root exists.
File /home/auger/CurrentShift/ADST_hyb_2025_08_15.root exists.
File /Raid/data/Prod/v2r0/Hybrid/2025/08/hd_2025_08_16_12h00.root exists.
File /home/auger/CurrentShift/ADST_hyb_2025_08_16.root exists.
File /Raid/data/Prod/v2r0/Hybrid/2025/08/hd_2025_08_17_12h00.root exists.
File /home/auger/CurrentShift/ADST_hyb_2025_08_17.root exists.
File /Raid/data/Prod/v2r0/Hybrid/2025/08/hd_2025_08_18_12h00.root exists.
File /home/auger/CurrentShift/ADST_hyb_2025_08_18.root exists.
File /Raid/data/Prod/v2r0/Hybrid/2025/08/hd_2025_08_19_12h00.root exists.
File /home/auger/CurrentShift/ADST_hyb_2025_08_19.root exists.
File /Raid/data/Prod/v2r0/Hybrid/2025/08/hd_2025_08_20_12h00.root exists.
File /home/auger/CurrentShift/ADST_hyb_2025_08_20.root exists.
File /Raid/data/Prod/v2r0/Hybrid/2025/08/hd_2025_08_21_12h00.root exists.
File /home/auger/CurrentShift/ADST_hyb_2025_08_21.root exists.
File /Raid/data/Prod/v2r0/Hybrid/2025/08/hd_2025_08_22_12h00.root exists.
File /home/auger/CurrentShift/ADST_hyb_2025_08_22.root exists.
File /Raid/data/Prod/v2r0/Hybrid/2025/08/hd_2025_08_23_12h00.root exists.
File /home/auger/CurrentShift/ADST_hyb_2025_08_23.root exists.
File /Raid/data/Prod/v2r0/Hybrid/2025/08/hd_2025_08_24_12h00.root exists.
File /home/auger/CurrentShift/ADST_hyb_2025_08_24.root exists.
File /Raid/data/Prod/v2r0/Hybrid/2025/08/hd_2025_08_25_12h00.root exists.
File /home/auger/CurrentShift/ADST_hyb_2025_08_25.root exists.
File /Raid/data/Prod/v2r0/Hybrid/2025/08/hd_2025_08_26_12h00.root exists.
File /home/auger/CurrentShift/ADST_hyb_2025_08_26.root exists.
File /Raid/data/Prod/v2r0/Hybrid/2025/08/hd_2025_08_27_12h00.root does not exist.
File /Raid/data/Prod/v2r0/Hybrid/2025/08/hd_2025_08_28_12h00.root exists.
File /home/auger/CurrentShift/ADST_hyb_2025_08_28.root exists.
File /Raid/data/Prod/v2r0/Hybrid/2025/08/hd_2025_08_29_12h00.root exists.
File /home/auger/CurrentShift/ADST_hyb_2025_08_29.root exists.
File /Raid/data/Prod/v2r0/Hybrid/2025/08/hd_2025_08_30_12h00.root does not exist.
File /Raid/data/Prod/v2r0/Hybrid/2025/08/hd_2025_08_31_12h00.root does not exist.
File /Raid/data/Prod/v2r0/Hybrid/2025/08/hd_2025_08_14_12h00.root exists.
File /home/auger/CurrentShift/ADST_hyb_2025_08_14.root exists.
File /Raid/data/Prod/v2r0/Hybrid/2025/08/hd_2025_08_15_12h00.root exists.
File /home/auger/CurrentShift/ADST_hyb_2025_08_15.root exists.
File /Raid/data/Prod/v2r0/Hybrid/2025/08/hd_2025_08_16_12h00.root exists.
File /home/auger/CurrentShift/ADST_hyb_2025_08_16.root exists.
File /Raid/data/Prod/v2r0/Hybrid/2025/08/hd_2025_08_17_12h00.root exists.
File /home/auger/CurrentShift/ADST_hyb_2025_08_17.root exists.
File /Raid/data/Prod/v2r0/Hybrid/2025/08/hd_2025_08_18_12h00.root exists.
File /home/auger/CurrentShift/ADST_hyb_2025_08_18.root exists.
File /Raid/data/Prod/v2r0/Hybrid/2025/08/hd_2025_08_19_12h00.root exists.
File /home/auger/CurrentShift/ADST_hyb_2025_08_19.root exists.
File /Raid/data/Prod/v2r0/Hybrid/2025/08/hd_2025_08_20_12h00.root exists.
File /home/auger/CurrentShift/ADST_hyb_2025_08_20.root exists.
File /Raid/data/Prod/v2r0/Hybrid/2025/08/hd_2025_08_21_12h00.root exists.
File /home/auger/CurrentShift/ADST_hyb_2025_08_21.root exists.
File /Raid/data/Prod/v2r0/Hybrid/2025/08/hd_2025_08_22_12h00.root exists.
File /home/auger/CurrentShift/ADST_hyb_2025_08_22.root exists.
File /Raid/data/Prod/v2r0/Hybrid/2025/08/hd_2025_08_23_12h00.root exists.
File /home/auger/CurrentShift/ADST_hyb_2025_08_23.root exists.
File /Raid/data/Prod/v2r0/Hybrid/2025/08/hd_2025_08_24_12h00.root exists.
File /home/auger/CurrentShift/ADST_hyb_2025_08_24.root exists.
File /Raid/data/Prod/v2r0/Hybrid/2025/08/hd_2025_08_25_12h00.root exists.
File /home/auger/CurrentShift/ADST_hyb_2025_08_25.root exists.
File /Raid/data/Prod/v2r0/Hybrid/2025/08/hd_2025_08_26_12h00.root exists.
File /home/auger/CurrentShift/ADST_hyb_2025_08_26.root exists.
File /Raid/data/Prod/v2r0/Hybrid/2025/08/hd_2025_08_27_12h00.root does not exist.
File /Raid/data/Prod/v2r0/Hybrid/2025/08/hd_2025_08_28_12h00.root exists.
File /home/auger/CurrentShift/ADST_hyb_2025_08_28.root exists.
File /Raid/data/Prod/v2r0/Hybrid/2025/08/hd_2025_08_29_12h00.root exists.
File /home/auger/CurrentShift/ADST_hyb_2025_08_29.root exists.
File /Raid/data/Prod/v2r0/Hybrid/2025/08/hd_2025_08_30_12h00.root does not exist.
File /Raid/data/Prod/v2r0/Hybrid/2025/08/hd_2025_08_31_12h00.root does not exist.
File /Raid/data/Prod/v2r0/Hybrid/2025/08/hd_2025_08_14_12h00.root exists.
File /home/auger/CurrentShift/ADST_hyb_2025_08_14.root exists.
File /Raid/data/Prod/v2r0/Hybrid/2025/08/hd_2025_08_15_12h00.root exists.
File /home/auger/CurrentShift/ADST_hyb_2025_08_15.root exists.
File /Raid/data/Prod/v2r0/Hybrid/2025/08/hd_2025_08_16_12h00.root exists.
File /home/auger/CurrentShift/ADST_hyb_2025_08_16.root exists.
File /Raid/data/Prod/v2r0/Hybrid/2025/08/hd_2025_08_17_12h00.root exists.
File /home/auger/CurrentShift/ADST_hyb_2025_08_17.root exists.
File /Raid/data/Prod/v2r0/Hybrid/2025/08/hd_2025_08_18_12h00.root exists.
File /home/auger/CurrentShift/ADST_hyb_2025_08_18.root exists.
File /Raid/data/Prod/v2r0/Hybrid/2025/08/hd_2025_08_19_12h00.root exists.
File /home/auger/CurrentShift/ADST_hyb_2025_08_19.root exists.
File /Raid/data/Prod/v2r0/Hybrid/2025/08/hd_2025_08_20_12h00.root exists.
File /home/auger/CurrentShift/ADST_hyb_2025_08_20.root exists.
File /Raid/data/Prod/v2r0/Hybrid/2025/08/hd_2025_08_21_12h00.root exists.
File /home/auger/CurrentShift/ADST_hyb_2025_08_21.root exists.
File /Raid/data/Prod/v2r0/Hybrid/2025/08/hd_2025_08_22_12h00.root exists.
File /home/auger/CurrentShift/ADST_hyb_2025_08_22.root exists.
File /Raid/data/Prod/v2r0/Hybrid/2025/08/hd_2025_08_23_12h00.root exists.
File /home/auger/CurrentShift/ADST_hyb_2025_08_23.root exists.
File /Raid/data/Prod/v2r0/Hybrid/2025/08/hd_2025_08_24_12h00.root exists.
File /home/auger/CurrentShift/ADST_hyb_2025_08_24.root exists.
File /Raid/data/Prod/v2r0/Hybrid/2025/08/hd_2025_08_25_12h00.root exists.
File /home/auger/CurrentShift/ADST_hyb_2025_08_25.root exists.
File /Raid/data/Prod/v2r0/Hybrid/2025/08/hd_2025_08_26_12h00.root exists.
File /home/auger/CurrentShift/ADST_hyb_2025_08_26.root exists.
File /Raid/data/Prod/v2r0/Hybrid/2025/08/hd_2025_08_27_12h00.root does not exist.
File /Raid/data/Prod/v2r0/Hybrid/2025/08/hd_2025_08_28_12h00.root exists.
File /home/auger/CurrentShift/ADST_hyb_2025_08_28.root exists.
File /Raid/data/Prod/v2r0/Hybrid/2025/08/hd_2025_08_29_12h00.root exists.
File /home/auger/CurrentShift/ADST_hyb_2025_08_29.root exists.
File /Raid/data/Prod/v2r0/Hybrid/2025/08/hd_2025_08_30_12h00.root does not exist.
File /Raid/data/Prod/v2r0/Hybrid/2025/08/hd_2025_08_31_12h00.root does not exist.
File /Raid/data/Prod/v2r0/Hybrid/2025/08/hd_2025_08_14_12h00.root exists.
File /home/auger/CurrentShift/ADST_hyb_2025_08_14.root exists.
File /Raid/data/Prod/v2r0/Hybrid/2025/08/hd_2025_08_15_12h00.root exists.
File /home/auger/CurrentShift/ADST_hyb_2025_08_15.root exists.
File /Raid/data/Prod/v2r0/Hybrid/2025/08/hd_2025_08_16_12h00.root exists.
File /home/auger/CurrentShift/ADST_hyb_2025_08_16.root exists.
File /Raid/data/Prod/v2r0/Hybrid/2025/08/hd_2025_08_17_12h00.root exists.
File /home/auger/CurrentShift/ADST_hyb_2025_08_17.root exists.
File /Raid/data/Prod/v2r0/Hybrid/2025/08/hd_2025_08_18_12h00.root exists.
File /home/auger/CurrentShift/ADST_hyb_2025_08_18.root exists.
File /Raid/data/Prod/v2r0/Hybrid/2025/08/hd_2025_08_19_12h00.root exists.
File /home/auger/CurrentShift/ADST_hyb_2025_08_19.root exists.
File /Raid/data/Prod/v2r0/Hybrid/2025/08/hd_2025_08_20_12h00.root exists.
File /home/auger/CurrentShift/ADST_hyb_2025_08_20.root exists.
File /Raid/data/Prod/v2r0/Hybrid/2025/08/hd_2025_08_21_12h00.root exists.
File /home/auger/CurrentShift/ADST_hyb_2025_08_21.root exists.
File /Raid/data/Prod/v2r0/Hybrid/2025/08/hd_2025_08_22_12h00.root exists.
File /home/auger/CurrentShift/ADST_hyb_2025_08_22.root exists.
File /Raid/data/Prod/v2r0/Hybrid/2025/08/hd_2025_08_23_12h00.root exists.
File /home/auger/CurrentShift/ADST_hyb_2025_08_23.root exists.
File /Raid/data/Prod/v2r0/Hybrid/2025/08/hd_2025_08_24_12h00.root exists.
File /home/auger/CurrentShift/ADST_hyb_2025_08_24.root exists.
File /Raid/data/Prod/v2r0/Hybrid/2025/08/hd_2025_08_25_12h00.root exists.
File /home/auger/CurrentShift/ADST_hyb_2025_08_25.root exists.
File /Raid/data/Prod/v2r0/Hybrid/2025/08/hd_2025_08_26_12h00.root exists.
File /home/auger/CurrentShift/ADST_hyb_2025_08_26.root exists.
File /Raid/data/Prod/v2r0/Hybrid/2025/08/hd_2025_08_27_12h00.root does not exist.
File /Raid/data/Prod/v2r0/Hybrid/2025/08/hd_2025_08_28_12h00.root exists.
File /home/auger/CurrentShift/ADST_hyb_2025_08_28.root exists.
File /Raid/data/Prod/v2r0/Hybrid/2025/08/hd_2025_08_29_12h00.root exists.
File /home/auger/CurrentShift/ADST_hyb_2025_08_29.root exists.
File /Raid/data/Prod/v2r0/Hybrid/2025/08/hd_2025_08_30_12h00.root does not exist.
File /Raid/data/Prod/v2r0/Hybrid/2025/08/hd_2025_08_31_12h00.root does not exist.
File /Raid/data/Prod/v2r0/Hybrid/2025/08/hd_2025_08_14_12h00.root exists.
File /home/auger/CurrentShift/ADST_hyb_2025_08_14.root exists.
File /Raid/data/Prod/v2r0/Hybrid/2025/08/hd_2025_08_15_12h00.root exists.
File /home/auger/CurrentShift/ADST_hyb_2025_08_15.root exists.
File /Raid/data/Prod/v2r0/Hybrid/2025/08/hd_2025_08_16_12h00.root exists.
File /home/auger/CurrentShift/ADST_hyb_2025_08_16.root exists.
File /Raid/data/Prod/v2r0/Hybrid/2025/08/hd_2025_08_17_12h00.root exists.
File /home/auger/CurrentShift/ADST_hyb_2025_08_17.root exists.
File /Raid/data/Prod/v2r0/Hybrid/2025/08/hd_2025_08_18_12h00.root exists.
File /home/auger/CurrentShift/ADST_hyb_2025_08_18.root exists.
File /Raid/data/Prod/v2r0/Hybrid/2025/08/hd_2025_08_19_12h00.root exists.
File /home/auger/CurrentShift/ADST_hyb_2025_08_19.root exists.
File /Raid/data/Prod/v2r0/Hybrid/2025/08/hd_2025_08_20_12h00.root exists.
File /home/auger/CurrentShift/ADST_hyb_2025_08_20.root exists.
File /Raid/data/Prod/v2r0/Hybrid/2025/08/hd_2025_08_21_12h00.root exists.
File /home/auger/CurrentShift/ADST_hyb_2025_08_21.root exists.
File /Raid/data/Prod/v2r0/Hybrid/2025/08/hd_2025_08_22_12h00.root exists.
File /home/auger/CurrentShift/ADST_hyb_2025_08_22.root exists.
File /Raid/data/Prod/v2r0/Hybrid/2025/08/hd_2025_08_23_12h00.root exists.
File /home/auger/CurrentShift/ADST_hyb_2025_08_23.root exists.
File /Raid/data/Prod/v2r0/Hybrid/2025/08/hd_2025_08_24_12h00.root exists.
File /home/auger/CurrentShift/ADST_hyb_2025_08_24.root exists.
File /Raid/data/Prod/v2r0/Hybrid/2025/08/hd_2025_08_25_12h00.root exists.
File /home/auger/CurrentShift/ADST_hyb_2025_08_25.root exists.
File /Raid/data/Prod/v2r0/Hybrid/2025/08/hd_2025_08_26_12h00.root exists.
File /home/auger/CurrentShift/ADST_hyb_2025_08_26.root exists.
File /Raid/data/Prod/v2r0/Hybrid/2025/08/hd_2025_08_27_12h00.root does not exist.
File /Raid/data/Prod/v2r0/Hybrid/2025/08/hd_2025_08_28_12h00.root exists.
File /home/auger/CurrentShift/ADST_hyb_2025_08_28.root exists.
File /Raid/data/Prod/v2r0/Hybrid/2025/08/hd_2025_08_29_12h00.root exists.
File /home/auger/CurrentShift/ADST_hyb_2025_08_29.root exists.
File /Raid/data/Prod/v2r0/Hybrid/2025/08/hd_2025_08_30_12h00.root does not exist.
File /Raid/data/Prod/v2r0/Hybrid/2025/08/hd_2025_08_31_12h00.root does not exist.
File /Raid/data/Prod/v2r0/Hybrid/2025/08/hd_2025_08_14_12h00.root exists.
File /home/auger/CurrentShift/ADST_hyb_2025_08_14.root exists.
File /Raid/data/Prod/v2r0/Hybrid/2025/08/hd_2025_08_15_12h00.root exists.
File /home/auger/CurrentShift/ADST_hyb_2025_08_15.root exists.
File /Raid/data/Prod/v2r0/Hybrid/2025/08/hd_2025_08_16_12h00.root exists.
File /home/auger/CurrentShift/ADST_hyb_2025_08_16.root exists.
File /Raid/data/Prod/v2r0/Hybrid/2025/08/hd_2025_08_17_12h00.root exists.
File /home/auger/CurrentShift/ADST_hyb_2025_08_17.root exists.
File /Raid/data/Prod/v2r0/Hybrid/2025/08/hd_2025_08_18_12h00.root exists.
File /home/auger/CurrentShift/ADST_hyb_2025_08_18.root exists.
File /Raid/data/Prod/v2r0/Hybrid/2025/08/hd_2025_08_19_12h00.root exists.
File /home/auger/CurrentShift/ADST_hyb_2025_08_19.root exists.
File /Raid/data/Prod/v2r0/Hybrid/2025/08/hd_2025_08_20_12h00.root exists.
File /home/auger/CurrentShift/ADST_hyb_2025_08_20.root exists.
File /Raid/data/Prod/v2r0/Hybrid/2025/08/hd_2025_08_21_12h00.root exists.
File /home/auger/CurrentShift/ADST_hyb_2025_08_21.root exists.
File /Raid/data/Prod/v2r0/Hybrid/2025/08/hd_2025_08_22_12h00.root exists.
File /home/auger/CurrentShift/ADST_hyb_2025_08_22.root exists.
File /Raid/data/Prod/v2r0/Hybrid/2025/08/hd_2025_08_23_12h00.root exists.
File /home/auger/CurrentShift/ADST_hyb_2025_08_23.root exists.
File /Raid/data/Prod/v2r0/Hybrid/2025/08/hd_2025_08_24_12h00.root exists.
File /home/auger/CurrentShift/ADST_hyb_2025_08_24.root exists.
File /Raid/data/Prod/v2r0/Hybrid/2025/08/hd_2025_08_25_12h00.root exists.
File /home/auger/CurrentShift/ADST_hyb_2025_08_25.root exists.
File /Raid/data/Prod/v2r0/Hybrid/2025/08/hd_2025_08_26_12h00.root exists.
File /home/auger/CurrentShift/ADST_hyb_2025_08_26.root exists.
File /Raid/data/Prod/v2r0/Hybrid/2025/08/hd_2025_08_27_12h00.root does not exist.
File /Raid/data/Prod/v2r0/Hybrid/2025/08/hd_2025_08_28_12h00.root exists.
File /home/auger/CurrentShift/ADST_hyb_2025_08_28.root exists.
File /Raid/data/Prod/v2r0/Hybrid/2025/08/hd_2025_08_29_12h00.root exists.
File /home/auger/CurrentShift/ADST_hyb_2025_08_29.root exists.
File /Raid/data/Prod/v2r0/Hybrid/2025/08/hd_2025_08_30_12h00.root does not exist.
File /Raid/data/Prod/v2r0/Hybrid/2025/08/hd_2025_08_31_12h00.root does not exist.
Last shift in database:
2025-08-14 to 2025-08-30
File /Raid/data/Prod/v2r0/Hybrid/2025/08/hd_2025_08_14_12h00.root exists.
File /home/auger/CurrentShift/ADST_hyb_2025_08_14.root exists.
File /Raid/data/Prod/v2r0/Hybrid/2025/08/hd_2025_08_15_12h00.root exists.
File /home/auger/CurrentShift/ADST_hyb_2025_08_15.root exists.
File /Raid/data/Prod/v2r0/Hybrid/2025/08/hd_2025_08_16_12h00.root exists.
File /home/auger/CurrentShift/ADST_hyb_2025_08_16.root exists.
File /Raid/data/Prod/v2r0/Hybrid/2025/08/hd_2025_08_17_12h00.root exists.
File /home/auger/CurrentShift/ADST_hyb_2025_08_17.root exists.
File /Raid/data/Prod/v2r0/Hybrid/2025/08/hd_2025_08_18_12h00.root exists.
File /home/auger/CurrentShift/ADST_hyb_2025_08_18.root exists.
File /Raid/data/Prod/v2r0/Hybrid/2025/08/hd_2025_08_19_12h00.root exists.
File /home/auger/CurrentShift/ADST_hyb_2025_08_19.root exists.
File /Raid/data/Prod/v2r0/Hybrid/2025/08/hd_2025_08_20_12h00.root exists.
File /home/auger/CurrentShift/ADST_hyb_2025_08_20.root exists.
File /Raid/data/Prod/v2r0/Hybrid/2025/08/hd_2025_08_21_12h00.root exists.
File /home/auger/CurrentShift/ADST_hyb_2025_08_21.root exists.
File /Raid/data/Prod/v2r0/Hybrid/2025/08/hd_2025_08_22_12h00.root exists.
File /home/auger/CurrentShift/ADST_hyb_2025_08_22.root exists.
File /Raid/data/Prod/v2r0/Hybrid/2025/08/hd_2025_08_23_12h00.root exists.
File /home/auger/CurrentShift/ADST_hyb_2025_08_23.root exists.
File /Raid/data/Prod/v2r0/Hybrid/2025/08/hd_2025_08_24_12h00.root exists.
File /home/auger/CurrentShift/ADST_hyb_2025_08_24.root exists.
File /Raid/data/Prod/v2r0/Hybrid/2025/08/hd_2025_08_25_12h00.root exists.
File /home/auger/CurrentShift/ADST_hyb_2025_08_25.root exists.
File /Raid/data/Prod/v2r0/Hybrid/2025/08/hd_2025_08_26_12h00.root exists.
File /home/auger/CurrentShift/ADST_hyb_2025_08_26.root exists.
File /Raid/data/Prod/v2r0/Hybrid/2025/08/hd_2025_08_27_12h00.root does not exist.
File /Raid/data/Prod/v2r0/Hybrid/2025/08/hd_2025_08_28_12h00.root exists.
File /home/auger/CurrentShift/ADST_hyb_2025_08_28.root exists.
File /Raid/data/Prod/v2r0/Hybrid/2025/08/hd_2025_08_29_12h00.root exists.
File /home/auger/CurrentShift/ADST_hyb_2025_08_29.root exists.
File /Raid/data/Prod/v2r0/Hybrid/2025/08/hd_2025_08_30_12h00.root does not exist.
192.168.2.164 - - [16/Sep/2025 11:07:32] "GET /offline HTTP/1.1" 200 -
192.168.2.164 - - [16/Sep/2025 12:04:20] "GET / HTTP/1.1" 200 -
Last shift in database:
2025-08-14 to 2025-08-30
File /Raid/data/Prod/v2r0/Hybrid/2025/08/hd_2025_08_14_12h00.root exists.
File /home/auger/CurrentShift/ADST_hyb_2025_08_14.root exists.
File /Raid/data/Prod/v2r0/Hybrid/2025/08/hd_2025_08_15_12h00.root exists.
File /home/auger/CurrentShift/ADST_hyb_2025_08_15.root exists.
File /Raid/data/Prod/v2r0/Hybrid/2025/08/hd_2025_08_16_12h00.root exists.
File /home/auger/CurrentShift/ADST_hyb_2025_08_16.root exists.
File /Raid/data/Prod/v2r0/Hybrid/2025/08/hd_2025_08_17_12h00.root exists.
File /home/auger/CurrentShift/ADST_hyb_2025_08_17.root exists.
File /Raid/data/Prod/v2r0/Hybrid/2025/08/hd_2025_08_18_12h00.root exists.
File /home/auger/CurrentShift/ADST_hyb_2025_08_18.root exists.
File /Raid/data/Prod/v2r0/Hybrid/2025/08/hd_2025_08_19_12h00.root exists.
File /home/auger/CurrentShift/ADST_hyb_2025_08_19.root exists.
File /Raid/data/Prod/v2r0/Hybrid/2025/08/hd_2025_08_20_12h00.root exists.
File /home/auger/CurrentShift/ADST_hyb_2025_08_20.root exists.
File /Raid/data/Prod/v2r0/Hybrid/2025/08/hd_2025_08_21_12h00.root exists.
File /home/auger/CurrentShift/ADST_hyb_2025_08_21.root exists.
File /Raid/data/Prod/v2r0/Hybrid/2025/08/hd_2025_08_22_12h00.root exists.
File /home/auger/CurrentShift/ADST_hyb_2025_08_22.root exists.
File /Raid/data/Prod/v2r0/Hybrid/2025/08/hd_2025_08_23_12h00.root exists.
File /home/auger/CurrentShift/ADST_hyb_2025_08_23.root exists.
File /Raid/data/Prod/v2r0/Hybrid/2025/08/hd_2025_08_24_12h00.root exists.
File /home/auger/CurrentShift/ADST_hyb_2025_08_24.root exists.
File /Raid/data/Prod/v2r0/Hybrid/2025/08/hd_2025_08_25_12h00.root exists.
File /home/auger/CurrentShift/ADST_hyb_2025_08_25.root exists.
File /Raid/data/Prod/v2r0/Hybrid/2025/08/hd_2025_08_26_12h00.root exists.
File /home/auger/CurrentShift/ADST_hyb_2025_08_26.root exists.
File /Raid/data/Prod/v2r0/Hybrid/2025/08/hd_2025_08_27_12h00.root does not exist.
File /Raid/data/Prod/v2r0/Hybrid/2025/08/hd_2025_08_28_12h00.root exists.
File /home/auger/CurrentShift/ADST_hyb_2025_08_28.root exists.
File /Raid/data/Prod/v2r0/Hybrid/2025/08/hd_2025_08_29_12h00.root exists.
File /home/auger/CurrentShift/ADST_hyb_2025_08_29.root exists.
File /Raid/data/Prod/v2r0/Hybrid/2025/08/hd_2025_08_30_12h00.root does not exist.
192.168.2.164 - - [16/Sep/2025 12:07:49] "GET /offline HTTP/1.1" 200 -
